2020-03-09 22:25:49,058 [Worker-11] INFO  o.e.m.c.i.p.ProjectConfigurationManager - Collecting project info '/pom.xml' C:\softwares\eclipse\bhavya git1 hometask-7\BehaviouralPattern\pom.xml
2020-03-09 22:25:55,549 [Worker-11] INFO  o.e.m.c.i.l.LifecycleMappingFactory - Using org.eclipse.m2e.jdt.JarLifecycleMapping lifecycle mapping for MavenProject: com.epam:BehaviouralPattern:0.0.1-SNAPSHOT @ C:\softwares\eclipse\bhavya git1 hometask-7\BehaviouralPattern\pom.xml.
2020-03-09 22:25:57,783 [Worker-11] INFO  o.e.m.j.i.AbstractJavaProjectConfigurator - Adding source folder /BehaviouralPattern/src/main/java
2020-03-09 22:25:57,798 [Worker-11] INFO  o.e.m.j.i.AbstractJavaProjectConfigurator - Adding source folder /BehaviouralPattern/src/test/java
2020-03-09 22:25:58,927 [Worker-11] INFO  o.e.m.c.i.p.ProjectConfigurationManager - Imported and configured 1 project(s) in 9 sec
2020-03-09 22:25:59,583 [Worker-17] INFO  o.e.m.c.i.embedder.EclipseLogger - Using 'UTF-8' encoding to copy filtered resources.
2020-03-09 22:25:59,583 [Worker-17] INFO  o.e.m.c.i.embedder.EclipseLogger - skip non existing resourceDirectory C:\softwares\eclipse\bhavya git1 hometask-7\BehaviouralPattern\src\main\resources
2020-03-09 22:25:59,599 [Worker-17] INFO  o.e.m.c.i.embedder.EclipseLogger - Using 'UTF-8' encoding to copy filtered resources.
2020-03-09 22:25:59,599 [Worker-17] INFO  o.e.m.c.i.embedder.EclipseLogger - skip non existing resourceDirectory C:\softwares\eclipse\bhavya git1 hometask-7\BehaviouralPattern\src\test\resources
2020-03-09 22:29:31,246 [Worker-19] INFO  o.e.m.c.i.p.ProjectConfigurationManager - Update started
2020-03-09 22:29:31,964 [Worker-19] INFO  o.e.m.c.i.l.LifecycleMappingFactory - Using org.eclipse.m2e.jdt.JarLifecycleMapping lifecycle mapping for MavenProject: com.epam:BehaviouralPattern:0.0.1-SNAPSHOT @ C:\softwares\eclipse\bhavya git1 hometask-7\BehaviouralPattern\pom.xml.
2020-03-09 22:29:32,334 [Worker-19] INFO  o.e.m.j.i.AbstractJavaProjectConfigurator - Adding source folder /BehaviouralPattern/src/main/java
2020-03-09 22:29:32,334 [Worker-19] INFO  o.e.m.j.i.AbstractJavaProjectConfigurator - Adding source folder /BehaviouralPattern/src/test/java
2020-03-09 22:29:32,478 [Worker-19] INFO  o.e.m.c.i.p.ProjectConfigurationManager - Update completed: 1 sec
2020-03-09 22:29:32,649 [Worker-21] INFO  o.e.m.c.i.embedder.EclipseLogger - Using 'UTF-8' encoding to copy filtered resources.
2020-03-09 22:29:32,649 [Worker-21] INFO  o.e.m.c.i.embedder.EclipseLogger - skip non existing resourceDirectory C:\softwares\eclipse\bhavya git1 hometask-7\BehaviouralPattern\src\main\resources
2020-03-09 22:29:32,649 [Worker-21] INFO  o.e.m.c.i.embedder.EclipseLogger - Using 'UTF-8' encoding to copy filtered resources.
2020-03-09 22:29:32,649 [Worker-21] INFO  o.e.m.c.i.embedder.EclipseLogger - skip non existing resourceDirectory C:\softwares\eclipse\bhavya git1 hometask-7\BehaviouralPattern\src\test\resources
2020-03-09 22:29:52,341 [Worker-11] INFO  o.e.m.c.i.embedder.EclipseLogger - Using 'UTF-8' encoding to copy filtered resources.
2020-03-09 22:29:52,341 [Worker-11] INFO  o.e.m.c.i.embedder.EclipseLogger - skip non existing resourceDirectory C:\softwares\eclipse\bhavya git1 hometask-7\BehaviouralPattern\src\main\resources
2020-03-09 22:29:52,341 [Worker-11] INFO  o.e.m.c.i.embedder.EclipseLogger - Using 'UTF-8' encoding to copy filtered resources.
2020-03-09 22:29:52,341 [Worker-11] INFO  o.e.m.c.i.embedder.EclipseLogger - skip non existing resourceDirectory C:\softwares\eclipse\bhavya git1 hometask-7\BehaviouralPattern\src\test\resources
2020-03-09 22:29:59,340 [Worker-17] INFO  o.e.m.i.launch.MavenLaunchDelegate - C:\softwares\eclipse\bhavya git1 hometask-7\BehaviouralPattern
2020-03-09 22:29:59,340 [Worker-17] INFO  o.e.m.i.launch.MavenLaunchDelegate -  mvn -B install
2020-03-09 22:30:06,165 [Worker-20] INFO  o.e.m.c.i.embedder.EclipseLogger - Using 'UTF-8' encoding to copy filtered resources.
2020-03-09 22:30:06,165 [Worker-20] INFO  o.e.m.c.i.embedder.EclipseLogger - skip non existing resourceDirectory C:\softwares\eclipse\bhavya git1 hometask-7\BehaviouralPattern\src\main\resources
2020-03-09 22:30:06,165 [Worker-20] INFO  o.e.m.c.i.embedder.EclipseLogger - Using 'UTF-8' encoding to copy filtered resources.
2020-03-09 22:30:06,165 [Worker-20] INFO  o.e.m.c.i.embedder.EclipseLogger - skip non existing resourceDirectory C:\softwares\eclipse\bhavya git1 hometask-7\BehaviouralPattern\src\test\resources
2020-03-09 22:30:16,668 [Worker-22] INFO  o.e.m.c.i.p.ProjectConfigurationManager - Update started
2020-03-09 22:30:17,746 [Worker-22] INFO  o.e.m.c.i.l.LifecycleMappingFactory - Using org.eclipse.m2e.jdt.JarLifecycleMapping lifecycle mapping for MavenProject: com.epam:BehaviouralPattern:0.0.1-SNAPSHOT @ C:\softwares\eclipse\bhavya git1 hometask-7\BehaviouralPattern\pom.xml.
2020-03-09 22:30:18,011 [Worker-22] INFO  o.e.m.j.i.AbstractJavaProjectConfigurator - Adding source folder /BehaviouralPattern/src/main/java
2020-03-09 22:30:18,011 [Worker-22] INFO  o.e.m.j.i.AbstractJavaProjectConfigurator - Adding source folder /BehaviouralPattern/src/test/java
2020-03-09 22:30:18,152 [Worker-22] INFO  o.e.m.c.i.p.ProjectConfigurationManager - Update completed: 1 sec
2020-03-09 22:30:18,357 [Worker-20] INFO  o.e.m.c.i.embedder.EclipseLogger - Using 'UTF-8' encoding to copy filtered resources.
2020-03-09 22:30:18,357 [Worker-20] INFO  o.e.m.c.i.embedder.EclipseLogger - skip non existing resourceDirectory C:\softwares\eclipse\bhavya git1 hometask-7\BehaviouralPattern\src\main\resources
2020-03-09 22:30:18,357 [Worker-20] INFO  o.e.m.c.i.embedder.EclipseLogger - Using 'UTF-8' encoding to copy filtered resources.
2020-03-09 22:30:18,357 [Worker-20] INFO  o.e.m.c.i.embedder.EclipseLogger - skip non existing resourceDirectory C:\softwares\eclipse\bhavya git1 hometask-7\BehaviouralPattern\src\test\resources
2020-03-09 22:30:33,088 [Worker-22] INFO  o.e.m.i.launch.MavenLaunchDelegate - C:\softwares\eclipse\bhavya git1 hometask-7\BehaviouralPattern
2020-03-09 22:30:33,088 [Worker-22] INFO  o.e.m.i.launch.MavenLaunchDelegate -  mvn -B install
2020-03-09 22:30:36,092 [Worker-19] INFO  o.e.m.c.i.embedder.EclipseLogger - Using 'UTF-8' encoding to copy filtered resources.
2020-03-09 22:30:36,092 [Worker-19] INFO  o.e.m.c.i.embedder.EclipseLogger - skip non existing resourceDirectory C:\softwares\eclipse\bhavya git1 hometask-7\BehaviouralPattern\src\main\resources
2020-03-09 22:30:36,092 [Worker-19] INFO  o.e.m.c.i.embedder.EclipseLogger - Using 'UTF-8' encoding to copy filtered resources.
2020-03-09 22:30:36,092 [Worker-19] INFO  o.e.m.c.i.embedder.EclipseLogger - skip non existing resourceDirectory C:\softwares\eclipse\bhavya git1 hometask-7\BehaviouralPattern\src\test\resources
2020-03-09 22:30:51,256 [Worker-19] INFO  o.e.m.c.i.embedder.EclipseLogger - Using 'UTF-8' encoding to copy filtered resources.
2020-03-09 22:30:51,256 [Worker-19] INFO  o.e.m.c.i.embedder.EclipseLogger - skip non existing resourceDirectory C:\softwares\eclipse\bhavya git1 hometask-7\BehaviouralPattern\src\main\resources
2020-03-09 22:30:51,256 [Worker-19] INFO  o.e.m.c.i.embedder.EclipseLogger - Using 'UTF-8' encoding to copy filtered resources.
2020-03-09 22:30:51,256 [Worker-19] INFO  o.e.m.c.i.embedder.EclipseLogger - skip non existing resourceDirectory C:\softwares\eclipse\bhavya git1 hometask-7\BehaviouralPattern\src\test\resources
2020-03-09 22:31:00,417 [Worker-11] INFO  o.e.m.c.i.p.ProjectConfigurationManager - Update started
2020-03-09 22:31:00,918 [Worker-11] INFO  o.e.m.c.i.l.LifecycleMappingFactory - Using org.eclipse.m2e.jdt.JarLifecycleMapping lifecycle mapping for MavenProject: com.epam:BehaviouralPattern:0.0.1-SNAPSHOT @ C:\softwares\eclipse\bhavya git1 hometask-7\BehaviouralPattern\pom.xml.
2020-03-09 22:31:01,059 [Worker-11] INFO  o.e.m.j.i.AbstractJavaProjectConfigurator - Adding source folder /BehaviouralPattern/src/main/java
2020-03-09 22:31:01,059 [Worker-11] INFO  o.e.m.j.i.AbstractJavaProjectConfigurator - Adding source folder /BehaviouralPattern/src/test/java
2020-03-09 22:31:01,201 [Worker-11] INFO  o.e.m.c.i.p.ProjectConfigurationManager - Update completed: 0 sec
2020-03-09 22:31:01,404 [Worker-4] INFO  o.e.m.c.i.embedder.EclipseLogger - Using 'UTF-8' encoding to copy filtered resources.
2020-03-09 22:31:01,405 [Worker-4] INFO  o.e.m.c.i.embedder.EclipseLogger - skip non existing resourceDirectory C:\softwares\eclipse\bhavya git1 hometask-7\BehaviouralPattern\src\main\resources
2020-03-09 22:31:01,405 [Worker-4] INFO  o.e.m.c.i.embedder.EclipseLogger - Using 'UTF-8' encoding to copy filtered resources.
2020-03-09 22:31:01,405 [Worker-4] INFO  o.e.m.c.i.embedder.EclipseLogger - skip non existing resourceDirectory C:\softwares\eclipse\bhavya git1 hometask-7\BehaviouralPattern\src\test\resources
2020-03-09 22:31:14,840 [Worker-22] INFO  o.e.m.c.i.embedder.EclipseLogger - Using 'UTF-8' encoding to copy filtered resources.
2020-03-09 22:31:14,840 [Worker-22] INFO  o.e.m.c.i.embedder.EclipseLogger - skip non existing resourceDirectory C:\softwares\eclipse\bhavya git1 hometask-7\BehaviouralPattern\src\main\resources
2020-03-09 22:31:14,840 [Worker-22] INFO  o.e.m.c.i.embedder.EclipseLogger - Using 'UTF-8' encoding to copy filtered resources.
2020-03-09 22:31:14,840 [Worker-22] INFO  o.e.m.c.i.embedder.EclipseLogger - skip non existing resourceDirectory C:\softwares\eclipse\bhavya git1 hometask-7\BehaviouralPattern\src\test\resources
2020-03-09 22:31:23,331 [Worker-20] INFO  o.e.m.i.launch.MavenLaunchDelegate - C:\softwares\eclipse\bhavya git1 hometask-7\BehaviouralPattern
2020-03-09 22:31:23,331 [Worker-20] INFO  o.e.m.i.launch.MavenLaunchDelegate -  mvn -B install
2020-03-09 22:31:28,350 [Worker-11] INFO  o.e.m.c.i.embedder.EclipseLogger - Using 'UTF-8' encoding to copy filtered resources.
2020-03-09 22:31:28,350 [Worker-11] INFO  o.e.m.c.i.embedder.EclipseLogger - skip non existing resourceDirectory C:\softwares\eclipse\bhavya git1 hometask-7\BehaviouralPattern\src\main\resources
2020-03-09 22:31:28,350 [Worker-11] INFO  o.e.m.c.i.embedder.EclipseLogger - Using 'UTF-8' encoding to copy filtered resources.
2020-03-09 22:31:28,365 [Worker-11] INFO  o.e.m.c.i.embedder.EclipseLogger - skip non existing resourceDirectory C:\softwares\eclipse\bhavya git1 hometask-7\BehaviouralPattern\src\test\resources
2020-03-09 22:34:21,857 [Worker-25] INFO  o.e.m.c.i.embedder.EclipseLogger - Using 'UTF-8' encoding to copy filtered resources.
2020-03-09 22:34:21,857 [Worker-25] INFO  o.e.m.c.i.embedder.EclipseLogger - skip non existing resourceDirectory C:\softwares\eclipse\bhavya git1 hometask-7\BehaviouralPattern\src\main\resources
2020-03-09 22:34:21,857 [Worker-25] INFO  o.e.m.c.i.embedder.EclipseLogger - Using 'UTF-8' encoding to copy filtered resources.
2020-03-09 22:34:21,857 [Worker-25] INFO  o.e.m.c.i.embedder.EclipseLogger - skip non existing resourceDirectory C:\softwares\eclipse\bhavya git1 hometask-7\BehaviouralPattern\src\test\resources
2020-03-09 22:34:22,919 [Worker-24] INFO  o.e.m.c.i.embedder.EclipseLogger - Using 'UTF-8' encoding to copy filtered resources.
2020-03-09 22:34:22,919 [Worker-24] INFO  o.e.m.c.i.embedder.EclipseLogger - skip non existing resourceDirectory C:\softwares\eclipse\bhavya git1 hometask-7\BehaviouralPattern\src\main\resources
2020-03-09 22:34:22,919 [Worker-24] INFO  o.e.m.c.i.embedder.EclipseLogger - Using 'UTF-8' encoding to copy filtered resources.
2020-03-09 22:34:22,919 [Worker-24] INFO  o.e.m.c.i.embedder.EclipseLogger - skip non existing resourceDirectory C:\softwares\eclipse\bhavya git1 hometask-7\BehaviouralPattern\src\test\resources
2020-03-09 22:34:55,766 [Worker-23] INFO  o.e.m.c.i.embedder.EclipseLogger - Using 'UTF-8' encoding to copy filtered resources.
2020-03-09 22:34:55,766 [Worker-23] INFO  o.e.m.c.i.embedder.EclipseLogger - skip non existing resourceDirectory C:\softwares\eclipse\bhavya git1 hometask-7\BehaviouralPattern\src\main\resources
2020-03-09 22:34:55,766 [Worker-23] INFO  o.e.m.c.i.embedder.EclipseLogger - Using 'UTF-8' encoding to copy filtered resources.
2020-03-09 22:34:55,766 [Worker-23] INFO  o.e.m.c.i.embedder.EclipseLogger - skip non existing resourceDirectory C:\softwares\eclipse\bhavya git1 hometask-7\BehaviouralPattern\src\test\resources
2020-03-09 22:36:08,713 [Worker-23] INFO  o.e.m.c.i.embedder.EclipseLogger - Using 'UTF-8' encoding to copy filtered resources.
2020-03-09 22:36:08,729 [Worker-23] INFO  o.e.m.c.i.embedder.EclipseLogger - skip non existing resourceDirectory C:\softwares\eclipse\bhavya git1 hometask-7\BehaviouralPattern\src\main\resources
2020-03-09 22:36:08,729 [Worker-23] INFO  o.e.m.c.i.embedder.EclipseLogger - Using 'UTF-8' encoding to copy filtered resources.
2020-03-09 22:36:08,729 [Worker-23] INFO  o.e.m.c.i.embedder.EclipseLogger - skip non existing resourceDirectory C:\softwares\eclipse\bhavya git1 hometask-7\BehaviouralPattern\src\test\resources
2020-03-09 22:36:41,683 [Worker-22] INFO  o.e.m.c.i.embedder.EclipseLogger - Using 'UTF-8' encoding to copy filtered resources.
2020-03-09 22:36:41,683 [Worker-22] INFO  o.e.m.c.i.embedder.EclipseLogger - skip non existing resourceDirectory C:\softwares\eclipse\bhavya git1 hometask-7\BehaviouralPattern\src\main\resources
2020-03-09 22:36:41,683 [Worker-22] INFO  o.e.m.c.i.embedder.EclipseLogger - Using 'UTF-8' encoding to copy filtered resources.
2020-03-09 22:36:41,683 [Worker-22] INFO  o.e.m.c.i.embedder.EclipseLogger - skip non existing resourceDirectory C:\softwares\eclipse\bhavya git1 hometask-7\BehaviouralPattern\src\test\resources
2020-03-09 22:37:15,411 [Worker-25] INFO  o.e.m.c.i.embedder.EclipseLogger - Using 'UTF-8' encoding to copy filtered resources.
2020-03-09 22:37:15,411 [Worker-25] INFO  o.e.m.c.i.embedder.EclipseLogger - skip non existing resourceDirectory C:\softwares\eclipse\bhavya git1 hometask-7\BehaviouralPattern\src\main\resources
2020-03-09 22:37:15,411 [Worker-25] INFO  o.e.m.c.i.embedder.EclipseLogger - Using 'UTF-8' encoding to copy filtered resources.
2020-03-09 22:37:15,411 [Worker-25] INFO  o.e.m.c.i.embedder.EclipseLogger - skip non existing resourceDirectory C:\softwares\eclipse\bhavya git1 hometask-7\BehaviouralPattern\src\test\resources
2020-03-09 22:37:31,689 [Worker-24] INFO  o.e.m.c.i.embedder.EclipseLogger - Using 'UTF-8' encoding to copy filtered resources.
2020-03-09 22:37:31,689 [Worker-24] INFO  o.e.m.c.i.embedder.EclipseLogger - skip non existing resourceDirectory C:\softwares\eclipse\bhavya git1 hometask-7\BehaviouralPattern\src\main\resources
2020-03-09 22:37:31,689 [Worker-24] INFO  o.e.m.c.i.embedder.EclipseLogger - Using 'UTF-8' encoding to copy filtered resources.
2020-03-09 22:37:31,689 [Worker-24] INFO  o.e.m.c.i.embedder.EclipseLogger - skip non existing resourceDirectory C:\softwares\eclipse\bhavya git1 hometask-7\BehaviouralPattern\src\test\resources
2020-03-09 22:38:06,113 [Worker-22] INFO  o.e.m.c.i.embedder.EclipseLogger - Using 'UTF-8' encoding to copy filtered resources.
2020-03-09 22:38:06,113 [Worker-22] INFO  o.e.m.c.i.embedder.EclipseLogger - skip non existing resourceDirectory C:\softwares\eclipse\bhavya git1 hometask-7\BehaviouralPattern\src\main\resources
2020-03-09 22:38:06,113 [Worker-22] INFO  o.e.m.c.i.embedder.EclipseLogger - Using 'UTF-8' encoding to copy filtered resources.
2020-03-09 22:38:06,113 [Worker-22] INFO  o.e.m.c.i.embedder.EclipseLogger - skip non existing resourceDirectory C:\softwares\eclipse\bhavya git1 hometask-7\BehaviouralPattern\src\test\resources
2020-03-09 22:38:23,661 [Worker-24] INFO  o.e.m.c.i.embedder.EclipseLogger - Using 'UTF-8' encoding to copy filtered resources.
2020-03-09 22:38:23,661 [Worker-24] INFO  o.e.m.c.i.embedder.EclipseLogger - skip non existing resourceDirectory C:\softwares\eclipse\bhavya git1 hometask-7\BehaviouralPattern\src\main\resources
2020-03-09 22:38:23,661 [Worker-24] INFO  o.e.m.c.i.embedder.EclipseLogger - Using 'UTF-8' encoding to copy filtered resources.
2020-03-09 22:38:23,661 [Worker-24] INFO  o.e.m.c.i.embedder.EclipseLogger - skip non existing resourceDirectory C:\softwares\eclipse\bhavya git1 hometask-7\BehaviouralPattern\src\test\resources
2020-03-09 22:40:06,260 [Worker-23] INFO  o.e.m.c.i.embedder.EclipseLogger - Using 'UTF-8' encoding to copy filtered resources.
2020-03-09 22:40:06,260 [Worker-23] INFO  o.e.m.c.i.embedder.EclipseLogger - skip non existing resourceDirectory C:\softwares\eclipse\bhavya git1 hometask-7\BehaviouralPattern\src\main\resources
2020-03-09 22:40:06,260 [Worker-23] INFO  o.e.m.c.i.embedder.EclipseLogger - Using 'UTF-8' encoding to copy filtered resources.
2020-03-09 22:40:06,260 [Worker-23] INFO  o.e.m.c.i.embedder.EclipseLogger - skip non existing resourceDirectory C:\softwares\eclipse\bhavya git1 hometask-7\BehaviouralPattern\src\test\resources
2020-03-09 22:41:24,171 [Worker-25] INFO  o.e.m.c.i.embedder.EclipseLogger - Using 'UTF-8' encoding to copy filtered resources.
2020-03-09 22:41:24,171 [Worker-25] INFO  o.e.m.c.i.embedder.EclipseLogger - skip non existing resourceDirectory C:\softwares\eclipse\bhavya git1 hometask-7\BehaviouralPattern\src\main\resources
2020-03-09 22:41:24,171 [Worker-25] INFO  o.e.m.c.i.embedder.EclipseLogger - Using 'UTF-8' encoding to copy filtered resources.
2020-03-09 22:41:24,171 [Worker-25] INFO  o.e.m.c.i.embedder.EclipseLogger - skip non existing resourceDirectory C:\softwares\eclipse\bhavya git1 hometask-7\BehaviouralPattern\src\test\resources
2020-03-09 22:41:49,550 [Worker-17] INFO  o.e.m.c.i.embedder.EclipseLogger - Using 'UTF-8' encoding to copy filtered resources.
2020-03-09 22:41:49,550 [Worker-17] INFO  o.e.m.c.i.embedder.EclipseLogger - skip non existing resourceDirectory C:\softwares\eclipse\bhavya git1 hometask-7\BehaviouralPattern\src\main\resources
2020-03-09 22:41:49,550 [Worker-17] INFO  o.e.m.c.i.embedder.EclipseLogger - Using 'UTF-8' encoding to copy filtered resources.
2020-03-09 22:41:49,550 [Worker-17] INFO  o.e.m.c.i.embedder.EclipseLogger - skip non existing resourceDirectory C:\softwares\eclipse\bhavya git1 hometask-7\BehaviouralPattern\src\test\resources
2020-03-09 22:42:18,179 [Worker-23] INFO  o.e.m.c.i.embedder.EclipseLogger - Using 'UTF-8' encoding to copy filtered resources.
2020-03-09 22:42:18,179 [Worker-23] INFO  o.e.m.c.i.embedder.EclipseLogger - skip non existing resourceDirectory C:\softwares\eclipse\bhavya git1 hometask-7\BehaviouralPattern\src\main\resources
2020-03-09 22:42:18,179 [Worker-23] INFO  o.e.m.c.i.embedder.EclipseLogger - Using 'UTF-8' encoding to copy filtered resources.
2020-03-09 22:42:18,179 [Worker-23] INFO  o.e.m.c.i.embedder.EclipseLogger - skip non existing resourceDirectory C:\softwares\eclipse\bhavya git1 hometask-7\BehaviouralPattern\src\test\resources
2020-03-09 22:42:29,762 [Worker-23] INFO  o.e.m.c.i.embedder.EclipseLogger - Using 'UTF-8' encoding to copy filtered resources.
2020-03-09 22:42:29,762 [Worker-23] INFO  o.e.m.c.i.embedder.EclipseLogger - skip non existing resourceDirectory C:\softwares\eclipse\bhavya git1 hometask-7\BehaviouralPattern\src\main\resources
2020-03-09 22:42:29,762 [Worker-23] INFO  o.e.m.c.i.embedder.EclipseLogger - Using 'UTF-8' encoding to copy filtered resources.
2020-03-09 22:42:29,762 [Worker-23] INFO  o.e.m.c.i.embedder.EclipseLogger - skip non existing resourceDirectory C:\softwares\eclipse\bhavya git1 hometask-7\BehaviouralPattern\src\test\resources
2020-03-09 22:43:17,222 [Worker-22] INFO  o.e.m.c.i.embedder.EclipseLogger - Using 'UTF-8' encoding to copy filtered resources.
2020-03-09 22:43:17,222 [Worker-22] INFO  o.e.m.c.i.embedder.EclipseLogger - skip non existing resourceDirectory C:\softwares\eclipse\bhavya git1 hometask-7\BehaviouralPattern\src\main\resources
2020-03-09 22:43:17,222 [Worker-22] INFO  o.e.m.c.i.embedder.EclipseLogger - Using 'UTF-8' encoding to copy filtered resources.
2020-03-09 22:43:17,222 [Worker-22] INFO  o.e.m.c.i.embedder.EclipseLogger - skip non existing resourceDirectory C:\softwares\eclipse\bhavya git1 hometask-7\BehaviouralPattern\src\test\resources
2020-03-09 22:43:42,671 [Worker-22] INFO  o.e.m.c.i.embedder.EclipseLogger - Using 'UTF-8' encoding to copy filtered resources.
2020-03-09 22:43:42,671 [Worker-22] INFO  o.e.m.c.i.embedder.EclipseLogger - skip non existing resourceDirectory C:\softwares\eclipse\bhavya git1 hometask-7\BehaviouralPattern\src\main\resources
2020-03-09 22:43:42,671 [Worker-22] INFO  o.e.m.c.i.embedder.EclipseLogger - Using 'UTF-8' encoding to copy filtered resources.
2020-03-09 22:43:42,671 [Worker-22] INFO  o.e.m.c.i.embedder.EclipseLogger - skip non existing resourceDirectory C:\softwares\eclipse\bhavya git1 hometask-7\BehaviouralPattern\src\test\resources
2020-03-09 22:44:06,015 [Worker-24] INFO  o.e.m.c.i.embedder.EclipseLogger - Using 'UTF-8' encoding to copy filtered resources.
2020-03-09 22:44:06,015 [Worker-24] INFO  o.e.m.c.i.embedder.EclipseLogger - skip non existing resourceDirectory C:\softwares\eclipse\bhavya git1 hometask-7\BehaviouralPattern\src\main\resources
2020-03-09 22:44:06,015 [Worker-24] INFO  o.e.m.c.i.embedder.EclipseLogger - Using 'UTF-8' encoding to copy filtered resources.
2020-03-09 22:44:06,015 [Worker-24] INFO  o.e.m.c.i.embedder.EclipseLogger - skip non existing resourceDirectory C:\softwares\eclipse\bhavya git1 hometask-7\BehaviouralPattern\src\test\resources
2020-03-09 22:44:19,219 [Worker-17] INFO  o.e.m.c.i.embedder.EclipseLogger - Using 'UTF-8' encoding to copy filtered resources.
2020-03-09 22:44:19,219 [Worker-17] INFO  o.e.m.c.i.embedder.EclipseLogger - skip non existing resourceDirectory C:\softwares\eclipse\bhavya git1 hometask-7\BehaviouralPattern\src\main\resources
2020-03-09 22:44:19,219 [Worker-17] INFO  o.e.m.c.i.embedder.EclipseLogger - Using 'UTF-8' encoding to copy filtered resources.
2020-03-09 22:44:19,219 [Worker-17] INFO  o.e.m.c.i.embedder.EclipseLogger - skip non existing resourceDirectory C:\softwares\eclipse\bhavya git1 hometask-7\BehaviouralPattern\src\test\resources
2020-03-09 22:44:41,662 [Worker-22] INFO  o.e.m.c.i.embedder.EclipseLogger - Using 'UTF-8' encoding to copy filtered resources.
2020-03-09 22:44:41,662 [Worker-22] INFO  o.e.m.c.i.embedder.EclipseLogger - skip non existing resourceDirectory C:\softwares\eclipse\bhavya git1 hometask-7\BehaviouralPattern\src\main\resources
2020-03-09 22:44:41,662 [Worker-22] INFO  o.e.m.c.i.embedder.EclipseLogger - Using 'UTF-8' encoding to copy filtered resources.
2020-03-09 22:44:41,662 [Worker-22] INFO  o.e.m.c.i.embedder.EclipseLogger - skip non existing resourceDirectory C:\softwares\eclipse\bhavya git1 hometask-7\BehaviouralPattern\src\test\resources
2020-03-09 22:45:09,476 [Worker-26] INFO  o.e.m.c.i.embedder.EclipseLogger - Using 'UTF-8' encoding to copy filtered resources.
2020-03-09 22:45:09,476 [Worker-26] INFO  o.e.m.c.i.embedder.EclipseLogger - skip non existing resourceDirectory C:\softwares\eclipse\bhavya git1 hometask-7\BehaviouralPattern\src\main\resources
2020-03-09 22:45:09,476 [Worker-26] INFO  o.e.m.c.i.embedder.EclipseLogger - Using 'UTF-8' encoding to copy filtered resources.
2020-03-09 22:45:09,476 [Worker-26] INFO  o.e.m.c.i.embedder.EclipseLogger - skip non existing resourceDirectory C:\softwares\eclipse\bhavya git1 hometask-7\BehaviouralPattern\src\test\resources
2020-03-09 22:45:37,744 [Worker-17] INFO  o.e.m.c.i.embedder.EclipseLogger - Using 'UTF-8' encoding to copy filtered resources.
2020-03-09 22:45:37,744 [Worker-17] INFO  o.e.m.c.i.embedder.EclipseLogger - skip non existing resourceDirectory C:\softwares\eclipse\bhavya git1 hometask-7\BehaviouralPattern\src\main\resources
2020-03-09 22:45:37,760 [Worker-17] INFO  o.e.m.c.i.embedder.EclipseLogger - Using 'UTF-8' encoding to copy filtered resources.
2020-03-09 22:45:37,760 [Worker-17] INFO  o.e.m.c.i.embedder.EclipseLogger - skip non existing resourceDirectory C:\softwares\eclipse\bhavya git1 hometask-7\BehaviouralPattern\src\test\resources
2020-03-09 22:45:50,907 [Worker-26] INFO  o.e.m.c.i.embedder.EclipseLogger - Using 'UTF-8' encoding to copy filtered resources.
2020-03-09 22:45:50,907 [Worker-26] INFO  o.e.m.c.i.embedder.EclipseLogger - skip non existing resourceDirectory C:\softwares\eclipse\bhavya git1 hometask-7\BehaviouralPattern\src\main\resources
2020-03-09 22:45:50,907 [Worker-26] INFO  o.e.m.c.i.embedder.EclipseLogger - Using 'UTF-8' encoding to copy filtered resources.
2020-03-09 22:45:50,907 [Worker-26] INFO  o.e.m.c.i.embedder.EclipseLogger - skip non existing resourceDirectory C:\softwares\eclipse\bhavya git1 hometask-7\BehaviouralPattern\src\test\resources
2020-03-09 22:46:17,724 [Worker-24] INFO  o.e.m.c.i.embedder.EclipseLogger - Using 'UTF-8' encoding to copy filtered resources.
2020-03-09 22:46:17,724 [Worker-24] INFO  o.e.m.c.i.embedder.EclipseLogger - skip non existing resourceDirectory C:\softwares\eclipse\bhavya git1 hometask-7\BehaviouralPattern\src\main\resources
2020-03-09 22:46:17,724 [Worker-24] INFO  o.e.m.c.i.embedder.EclipseLogger - Using 'UTF-8' encoding to copy filtered resources.
2020-03-09 22:46:17,724 [Worker-24] INFO  o.e.m.c.i.embedder.EclipseLogger - skip non existing resourceDirectory C:\softwares\eclipse\bhavya git1 hometask-7\BehaviouralPattern\src\test\resources
2020-03-09 22:46:45,064 [Worker-25] INFO  o.e.m.c.i.embedder.EclipseLogger - Using 'UTF-8' encoding to copy filtered resources.
2020-03-09 22:46:45,064 [Worker-25] INFO  o.e.m.c.i.embedder.EclipseLogger - skip non existing resourceDirectory C:\softwares\eclipse\bhavya git1 hometask-7\BehaviouralPattern\src\main\resources
2020-03-09 22:46:45,064 [Worker-25] INFO  o.e.m.c.i.embedder.EclipseLogger - Using 'UTF-8' encoding to copy filtered resources.
2020-03-09 22:46:45,064 [Worker-25] INFO  o.e.m.c.i.embedder.EclipseLogger - skip non existing resourceDirectory C:\softwares\eclipse\bhavya git1 hometask-7\BehaviouralPattern\src\test\resources
2020-03-09 22:47:25,451 [Worker-22] INFO  o.e.m.c.i.embedder.EclipseLogger - Using 'UTF-8' encoding to copy filtered resources.
2020-03-09 22:47:25,451 [Worker-22] INFO  o.e.m.c.i.embedder.EclipseLogger - skip non existing resourceDirectory C:\softwares\eclipse\bhavya git1 hometask-7\BehaviouralPattern\src\main\resources
2020-03-09 22:47:25,451 [Worker-22] INFO  o.e.m.c.i.embedder.EclipseLogger - Using 'UTF-8' encoding to copy filtered resources.
2020-03-09 22:47:25,451 [Worker-22] INFO  o.e.m.c.i.embedder.EclipseLogger - skip non existing resourceDirectory C:\softwares\eclipse\bhavya git1 hometask-7\BehaviouralPattern\src\test\resources
2020-03-09 22:47:49,675 [Worker-17] INFO  o.e.m.c.i.embedder.EclipseLogger - Using 'UTF-8' encoding to copy filtered resources.
2020-03-09 22:47:49,675 [Worker-17] INFO  o.e.m.c.i.embedder.EclipseLogger - skip non existing resourceDirectory C:\softwares\eclipse\bhavya git1 hometask-7\BehaviouralPattern\src\main\resources
2020-03-09 22:47:49,675 [Worker-17] INFO  o.e.m.c.i.embedder.EclipseLogger - Using 'UTF-8' encoding to copy filtered resources.
2020-03-09 22:47:49,675 [Worker-17] INFO  o.e.m.c.i.embedder.EclipseLogger - skip non existing resourceDirectory C:\softwares\eclipse\bhavya git1 hometask-7\BehaviouralPattern\src\test\resources
2020-03-09 22:48:31,767 [Worker-17] INFO  o.e.m.c.i.embedder.EclipseLogger - Using 'UTF-8' encoding to copy filtered resources.
2020-03-09 22:48:31,767 [Worker-17] INFO  o.e.m.c.i.embedder.EclipseLogger - skip non existing resourceDirectory C:\softwares\eclipse\bhavya git1 hometask-7\BehaviouralPattern\src\main\resources
2020-03-09 22:48:31,767 [Worker-17] INFO  o.e.m.c.i.embedder.EclipseLogger - Using 'UTF-8' encoding to copy filtered resources.
2020-03-09 22:48:31,767 [Worker-17] INFO  o.e.m.c.i.embedder.EclipseLogger - skip non existing resourceDirectory C:\softwares\eclipse\bhavya git1 hometask-7\BehaviouralPattern\src\test\resources
2020-03-09 22:48:51,713 [Worker-22] INFO  o.e.m.c.i.embedder.EclipseLogger - Using 'UTF-8' encoding to copy filtered resources.
2020-03-09 22:48:51,729 [Worker-22] INFO  o.e.m.c.i.embedder.EclipseLogger - skip non existing resourceDirectory C:\softwares\eclipse\bhavya git1 hometask-7\BehaviouralPattern\src\main\resources
2020-03-09 22:48:51,729 [Worker-22] INFO  o.e.m.c.i.embedder.EclipseLogger - Using 'UTF-8' encoding to copy filtered resources.
2020-03-09 22:48:51,729 [Worker-22] INFO  o.e.m.c.i.embedder.EclipseLogger - skip non existing resourceDirectory C:\softwares\eclipse\bhavya git1 hometask-7\BehaviouralPattern\src\test\resources
2020-03-09 22:53:50,196 [Worker-24] INFO  o.e.m.c.i.p.ProjectConfigurationManager - Collecting project info '/pom.xml' C:\softwares\eclipse\bhavya git1 hometask-7\Home-Task7\pom.xml
2020-03-09 22:53:50,697 [Worker-24] INFO  o.e.m.c.i.l.LifecycleMappingFactory - Using org.eclipse.m2e.jdt.JarLifecycleMapping lifecycle mapping for MavenProject: com.epam:Home-Task7:0.0.1-SNAPSHOT @ C:\softwares\eclipse\bhavya git1 hometask-7\Home-Task7\pom.xml.
2020-03-09 22:53:51,259 [Worker-24] INFO  o.e.m.j.i.AbstractJavaProjectConfigurator - Adding source folder /Home-Task7/src/main/java
2020-03-09 22:53:51,269 [Worker-24] INFO  o.e.m.j.i.AbstractJavaProjectConfigurator - Adding source folder /Home-Task7/src/test/java
2020-03-09 22:53:51,379 [Worker-24] INFO  o.e.m.c.i.p.ProjectConfigurationManager - Imported and configured 1 project(s) in 1 sec
2020-03-09 22:53:51,582 [Worker-28] INFO  o.e.m.c.i.embedder.EclipseLogger - Using 'UTF-8' encoding to copy filtered resources.
2020-03-09 22:53:51,582 [Worker-28] INFO  o.e.m.c.i.embedder.EclipseLogger - skip non existing resourceDirectory C:\softwares\eclipse\bhavya git1 hometask-7\Home-Task7\src\main\resources
2020-03-09 22:53:51,597 [Worker-28] INFO  o.e.m.c.i.embedder.EclipseLogger - Using 'UTF-8' encoding to copy filtered resources.
2020-03-09 22:53:51,597 [Worker-28] INFO  o.e.m.c.i.embedder.EclipseLogger - skip non existing resourceDirectory C:\softwares\eclipse\bhavya git1 hometask-7\Home-Task7\src\test\resources
2020-03-09 22:56:02,987 [Worker-26] INFO  o.e.m.c.i.p.ProjectConfigurationManager - Update started
2020-03-09 22:56:03,323 [Worker-26] INFO  o.e.m.c.i.l.LifecycleMappingFactory - Using org.eclipse.m2e.jdt.JarLifecycleMapping lifecycle mapping for MavenProject: com.epam:Home-Task7:0.0.1-SNAPSHOT @ C:\softwares\eclipse\bhavya git1 hometask-7\Home-Task7\pom.xml.
2020-03-09 22:56:03,577 [Worker-26] INFO  o.e.m.j.i.AbstractJavaProjectConfigurator - Adding source folder /Home-Task7/src/main/java
2020-03-09 22:56:03,577 [Worker-26] INFO  o.e.m.j.i.AbstractJavaProjectConfigurator - Adding source folder /Home-Task7/src/test/java
2020-03-09 22:56:03,671 [Worker-26] INFO  o.e.m.c.i.p.ProjectConfigurationManager - Update completed: 0 sec
2020-03-09 22:56:03,878 [Worker-30] INFO  o.e.m.c.i.embedder.EclipseLogger - Using 'UTF-8' encoding to copy filtered resources.
2020-03-09 22:56:03,878 [Worker-30] INFO  o.e.m.c.i.embedder.EclipseLogger - skip non existing resourceDirectory C:\softwares\eclipse\bhavya git1 hometask-7\Home-Task7\src\main\resources
2020-03-09 22:56:03,878 [Worker-30] INFO  o.e.m.c.i.embedder.EclipseLogger - Using 'UTF-8' encoding to copy filtered resources.
2020-03-09 22:56:03,878 [Worker-30] INFO  o.e.m.c.i.embedder.EclipseLogger - skip non existing resourceDirectory C:\softwares\eclipse\bhavya git1 hometask-7\Home-Task7\src\test\resources
2020-03-09 22:56:09,842 [Worker-27] INFO  o.e.m.i.launch.MavenLaunchDelegate - C:\softwares\eclipse\bhavya git1 hometask-7\Home-Task7
2020-03-09 22:56:09,842 [Worker-27] INFO  o.e.m.i.launch.MavenLaunchDelegate -  mvn -B install
2020-03-09 22:56:12,778 [Worker-30] INFO  o.e.m.c.i.embedder.EclipseLogger - Using 'UTF-8' encoding to copy filtered resources.
2020-03-09 22:56:12,778 [Worker-30] INFO  o.e.m.c.i.embedder.EclipseLogger - skip non existing resourceDirectory C:\softwares\eclipse\bhavya git1 hometask-7\Home-Task7\src\main\resources
2020-03-09 22:56:12,778 [Worker-30] INFO  o.e.m.c.i.embedder.EclipseLogger - Using 'UTF-8' encoding to copy filtered resources.
2020-03-09 22:56:12,793 [Worker-30] INFO  o.e.m.c.i.embedder.EclipseLogger - skip non existing resourceDirectory C:\softwares\eclipse\bhavya git1 hometask-7\Home-Task7\src\test\resources
2020-03-09 22:56:29,721 [Worker-29] INFO  o.e.m.c.i.embedder.EclipseLogger - Using 'UTF-8' encoding to copy filtered resources.
2020-03-09 22:56:29,721 [Worker-29] INFO  o.e.m.c.i.embedder.EclipseLogger - skip non existing resourceDirectory C:\softwares\eclipse\bhavya git1 hometask-7\Home-Task7\src\main\resources
2020-03-09 22:56:29,721 [Worker-29] INFO  o.e.m.c.i.embedder.EclipseLogger - Using 'UTF-8' encoding to copy filtered resources.
2020-03-09 22:56:29,721 [Worker-29] INFO  o.e.m.c.i.embedder.EclipseLogger - skip non existing resourceDirectory C:\softwares\eclipse\bhavya git1 hometask-7\Home-Task7\src\test\resources
2020-03-09 22:56:36,097 [Worker-28] INFO  o.e.m.i.launch.MavenLaunchDelegate - C:\softwares\eclipse\bhavya git1 hometask-7\Home-Task7
2020-03-09 22:56:36,097 [Worker-28] INFO  o.e.m.i.launch.MavenLaunchDelegate -  mvn -B install
2020-03-09 22:56:38,971 [Worker-29] INFO  o.e.m.c.i.embedder.EclipseLogger - Using 'UTF-8' encoding to copy filtered resources.
2020-03-09 22:56:38,971 [Worker-29] INFO  o.e.m.c.i.embedder.EclipseLogger - skip non existing resourceDirectory C:\softwares\eclipse\bhavya git1 hometask-7\Home-Task7\src\main\resources
2020-03-09 22:56:38,971 [Worker-29] INFO  o.e.m.c.i.embedder.EclipseLogger - Using 'UTF-8' encoding to copy filtered resources.
2020-03-09 22:56:38,971 [Worker-29] INFO  o.e.m.c.i.embedder.EclipseLogger - skip non existing resourceDirectory C:\softwares\eclipse\bhavya git1 hometask-7\Home-Task7\src\test\resources
2020-03-09 22:56:48,816 [Worker-24] INFO  o.e.m.c.i.p.ProjectConfigurationManager - Update started
2020-03-09 22:56:49,208 [Worker-24] INFO  o.e.m.c.i.l.LifecycleMappingFactory - Using org.eclipse.m2e.jdt.JarLifecycleMapping lifecycle mapping for MavenProject: com.epam:Home-Task7:0.0.1-SNAPSHOT @ C:\softwares\eclipse\bhavya git1 hometask-7\Home-Task7\pom.xml.
2020-03-09 22:56:49,380 [Worker-24] INFO  o.e.m.j.i.AbstractJavaProjectConfigurator - Adding source folder /Home-Task7/src/main/java
2020-03-09 22:56:49,395 [Worker-24] INFO  o.e.m.j.i.AbstractJavaProjectConfigurator - Adding source folder /Home-Task7/src/test/java
2020-03-09 22:56:49,515 [Worker-24] INFO  o.e.m.c.i.p.ProjectConfigurationManager - Update completed: 0 sec
2020-03-09 22:56:49,687 [Worker-26] INFO  o.e.m.c.i.embedder.EclipseLogger - Using 'UTF-8' encoding to copy filtered resources.
2020-03-09 22:56:49,687 [Worker-26] INFO  o.e.m.c.i.embedder.EclipseLogger - skip non existing resourceDirectory C:\softwares\eclipse\bhavya git1 hometask-7\Home-Task7\src\main\resources
2020-03-09 22:56:49,687 [Worker-26] INFO  o.e.m.c.i.embedder.EclipseLogger - Using 'UTF-8' encoding to copy filtered resources.
2020-03-09 22:56:49,687 [Worker-26] INFO  o.e.m.c.i.embedder.EclipseLogger - skip non existing resourceDirectory C:\softwares\eclipse\bhavya git1 hometask-7\Home-Task7\src\test\resources
2020-03-09 22:56:55,676 [Worker-29] INFO  o.e.m.i.launch.MavenLaunchDelegate - C:\softwares\eclipse\bhavya git1 hometask-7\Home-Task7
2020-03-09 22:56:55,676 [Worker-29] INFO  o.e.m.i.launch.MavenLaunchDelegate -  mvn -B install
2020-03-09 22:56:59,926 [Worker-30] INFO  o.e.m.c.i.embedder.EclipseLogger - Using 'UTF-8' encoding to copy filtered resources.
2020-03-09 22:56:59,926 [Worker-30] INFO  o.e.m.c.i.embedder.EclipseLogger - skip non existing resourceDirectory C:\softwares\eclipse\bhavya git1 hometask-7\Home-Task7\src\main\resources
2020-03-09 22:56:59,926 [Worker-30] INFO  o.e.m.c.i.embedder.EclipseLogger - Using 'UTF-8' encoding to copy filtered resources.
2020-03-09 22:56:59,942 [Worker-30] INFO  o.e.m.c.i.embedder.EclipseLogger - skip non existing resourceDirectory C:\softwares\eclipse\bhavya git1 hometask-7\Home-Task7\src\test\resources
2020-03-09 22:57:25,420 [Worker-27] INFO  o.e.m.c.i.embedder.EclipseLogger - Using 'UTF-8' encoding to copy filtered resources.
2020-03-09 22:57:25,420 [Worker-27] INFO  o.e.m.c.i.embedder.EclipseLogger - skip non existing resourceDirectory C:\softwares\eclipse\bhavya git1 hometask-7\Home-Task7\src\main\resources
2020-03-09 22:57:25,420 [Worker-27] INFO  o.e.m.c.i.embedder.EclipseLogger - Using 'UTF-8' encoding to copy filtered resources.
2020-03-09 22:57:25,420 [Worker-27] INFO  o.e.m.c.i.embedder.EclipseLogger - skip non existing resourceDirectory C:\softwares\eclipse\bhavya git1 hometask-7\Home-Task7\src\test\resources
2020-03-09 22:57:32,690 [Worker-26] INFO  o.e.m.i.launch.MavenLaunchDelegate - C:\softwares\eclipse\bhavya git1 hometask-7\Home-Task7
2020-03-09 22:57:32,690 [Worker-26] INFO  o.e.m.i.launch.MavenLaunchDelegate -  mvn -B install
2020-03-09 22:57:36,925 [Worker-30] INFO  o.e.m.c.i.embedder.EclipseLogger - Using 'UTF-8' encoding to copy filtered resources.
2020-03-09 22:57:36,925 [Worker-30] INFO  o.e.m.c.i.embedder.EclipseLogger - skip non existing resourceDirectory C:\softwares\eclipse\bhavya git1 hometask-7\Home-Task7\src\main\resources
2020-03-09 22:57:36,925 [Worker-30] INFO  o.e.m.c.i.embedder.EclipseLogger - Using 'UTF-8' encoding to copy filtered resources.
2020-03-09 22:57:36,925 [Worker-30] INFO  o.e.m.c.i.embedder.EclipseLogger - skip non existing resourceDirectory C:\softwares\eclipse\bhavya git1 hometask-7\Home-Task7\src\test\resources
2020-03-09 22:58:16,167 [Worker-31] INFO  o.e.m.c.i.embedder.EclipseLogger - Using 'UTF-8' encoding to copy filtered resources.
2020-03-09 22:58:16,167 [Worker-31] INFO  o.e.m.c.i.embedder.EclipseLogger - skip non existing resourceDirectory C:\softwares\eclipse\bhavya git1 hometask-7\Home-Task7\src\main\resources
2020-03-09 22:58:16,167 [Worker-31] INFO  o.e.m.c.i.embedder.EclipseLogger - Using 'UTF-8' encoding to copy filtered resources.
2020-03-09 22:58:16,167 [Worker-31] INFO  o.e.m.c.i.embedder.EclipseLogger - skip non existing resourceDirectory C:\softwares\eclipse\bhavya git1 hometask-7\Home-Task7\src\test\resources
2020-03-09 22:58:37,302 [Worker-29] INFO  o.e.m.c.i.embedder.EclipseLogger - Using 'UTF-8' encoding to copy filtered resources.
2020-03-09 22:58:37,317 [Worker-29] INFO  o.e.m.c.i.embedder.EclipseLogger - skip non existing resourceDirectory C:\softwares\eclipse\bhavya git1 hometask-7\Home-Task7\src\main\resources
2020-03-09 22:58:37,317 [Worker-29] INFO  o.e.m.c.i.embedder.EclipseLogger - Using 'UTF-8' encoding to copy filtered resources.
2020-03-09 22:58:37,317 [Worker-29] INFO  o.e.m.c.i.embedder.EclipseLogger - skip non existing resourceDirectory C:\softwares\eclipse\bhavya git1 hometask-7\Home-Task7\src\test\resources
2020-03-09 22:59:20,327 [Worker-28] INFO  o.e.m.c.i.embedder.EclipseLogger - Using 'UTF-8' encoding to copy filtered resources.
2020-03-09 22:59:20,327 [Worker-28] INFO  o.e.m.c.i.embedder.EclipseLogger - skip non existing resourceDirectory C:\softwares\eclipse\bhavya git1 hometask-7\Home-Task7\src\main\resources
2020-03-09 22:59:20,327 [Worker-28] INFO  o.e.m.c.i.embedder.EclipseLogger - Using 'UTF-8' encoding to copy filtered resources.
2020-03-09 22:59:20,327 [Worker-28] INFO  o.e.m.c.i.embedder.EclipseLogger - skip non existing resourceDirectory C:\softwares\eclipse\bhavya git1 hometask-7\Home-Task7\src\test\resources
2020-03-09 22:59:58,929 [Worker-31] INFO  o.e.m.c.i.embedder.EclipseLogger - Using 'UTF-8' encoding to copy filtered resources.
2020-03-09 22:59:58,929 [Worker-31] INFO  o.e.m.c.i.embedder.EclipseLogger - skip non existing resourceDirectory C:\softwares\eclipse\bhavya git1 hometask-7\Home-Task7\src\main\resources
2020-03-09 22:59:58,929 [Worker-31] INFO  o.e.m.c.i.embedder.EclipseLogger - Using 'UTF-8' encoding to copy filtered resources.
2020-03-09 22:59:58,929 [Worker-31] INFO  o.e.m.c.i.embedder.EclipseLogger - skip non existing resourceDirectory C:\softwares\eclipse\bhavya git1 hometask-7\Home-Task7\src\test\resources
2020-03-09 23:00:10,597 [Worker-24] INFO  o.e.m.c.i.embedder.EclipseLogger - Using 'UTF-8' encoding to copy filtered resources.
2020-03-09 23:00:10,597 [Worker-24] INFO  o.e.m.c.i.embedder.EclipseLogger - skip non existing resourceDirectory C:\softwares\eclipse\bhavya git1 hometask-7\Home-Task7\src\main\resources
2020-03-09 23:00:10,613 [Worker-24] INFO  o.e.m.c.i.embedder.EclipseLogger - Using 'UTF-8' encoding to copy filtered resources.
2020-03-09 23:00:10,613 [Worker-24] INFO  o.e.m.c.i.embedder.EclipseLogger - skip non existing resourceDirectory C:\softwares\eclipse\bhavya git1 hometask-7\Home-Task7\src\test\resources
2020-03-09 23:00:34,432 [Worker-26] INFO  o.e.m.c.i.embedder.EclipseLogger - Using 'UTF-8' encoding to copy filtered resources.
2020-03-09 23:00:34,432 [Worker-26] INFO  o.e.m.c.i.embedder.EclipseLogger - skip non existing resourceDirectory C:\softwares\eclipse\bhavya git1 hometask-7\Home-Task7\src\main\resources
2020-03-09 23:00:34,432 [Worker-26] INFO  o.e.m.c.i.embedder.EclipseLogger - Using 'UTF-8' encoding to copy filtered resources.
2020-03-09 23:00:34,432 [Worker-26] INFO  o.e.m.c.i.embedder.EclipseLogger - skip non existing resourceDirectory C:\softwares\eclipse\bhavya git1 hometask-7\Home-Task7\src\test\resources
2020-03-09 23:00:47,116 [Worker-30] INFO  o.e.m.c.i.embedder.EclipseLogger - Using 'UTF-8' encoding to copy filtered resources.
2020-03-09 23:00:47,116 [Worker-30] INFO  o.e.m.c.i.embedder.EclipseLogger - skip non existing resourceDirectory C:\softwares\eclipse\bhavya git1 hometask-7\Home-Task7\src\main\resources
2020-03-09 23:00:47,116 [Worker-30] INFO  o.e.m.c.i.embedder.EclipseLogger - Using 'UTF-8' encoding to copy filtered resources.
2020-03-09 23:00:47,116 [Worker-30] INFO  o.e.m.c.i.embedder.EclipseLogger - skip non existing resourceDirectory C:\softwares\eclipse\bhavya git1 hometask-7\Home-Task7\src\test\resources
2020-03-09 23:01:52,132 [Worker-31] INFO  o.e.m.c.i.embedder.EclipseLogger - Using 'UTF-8' encoding to copy filtered resources.
2020-03-09 23:01:52,132 [Worker-31] INFO  o.e.m.c.i.embedder.EclipseLogger - skip non existing resourceDirectory C:\softwares\eclipse\bhavya git1 hometask-7\Home-Task7\src\main\resources
2020-03-09 23:01:52,132 [Worker-31] INFO  o.e.m.c.i.embedder.EclipseLogger - Using 'UTF-8' encoding to copy filtered resources.
2020-03-09 23:01:52,132 [Worker-31] INFO  o.e.m.c.i.embedder.EclipseLogger - skip non existing resourceDirectory C:\softwares\eclipse\bhavya git1 hometask-7\Home-Task7\src\test\resources
2020-03-09 23:02:40,934 [Worker-27] INFO  o.e.m.c.i.embedder.EclipseLogger - Using 'UTF-8' encoding to copy filtered resources.
2020-03-09 23:02:40,934 [Worker-27] INFO  o.e.m.c.i.embedder.EclipseLogger - skip non existing resourceDirectory C:\softwares\eclipse\bhavya git1 hometask-7\Home-Task7\src\main\resources
2020-03-09 23:02:40,949 [Worker-27] INFO  o.e.m.c.i.embedder.EclipseLogger - Using 'UTF-8' encoding to copy filtered resources.
2020-03-09 23:02:40,949 [Worker-27] INFO  o.e.m.c.i.embedder.EclipseLogger - skip non existing resourceDirectory C:\softwares\eclipse\bhavya git1 hometask-7\Home-Task7\src\test\resources
2020-03-09 23:03:38,009 [Worker-32] INFO  o.e.m.c.i.embedder.EclipseLogger - Using 'UTF-8' encoding to copy filtered resources.
2020-03-09 23:03:38,009 [Worker-32] INFO  o.e.m.c.i.embedder.EclipseLogger - skip non existing resourceDirectory C:\softwares\eclipse\bhavya git1 hometask-7\Home-Task7\src\main\resources
2020-03-09 23:03:38,009 [Worker-32] INFO  o.e.m.c.i.embedder.EclipseLogger - Using 'UTF-8' encoding to copy filtered resources.
2020-03-09 23:03:38,009 [Worker-32] INFO  o.e.m.c.i.embedder.EclipseLogger - skip non existing resourceDirectory C:\softwares\eclipse\bhavya git1 hometask-7\Home-Task7\src\test\resources
2020-03-09 23:03:51,289 [Worker-24] INFO  o.e.m.c.i.embedder.EclipseLogger - Using 'UTF-8' encoding to copy filtered resources.
2020-03-09 23:03:51,289 [Worker-24] INFO  o.e.m.c.i.embedder.EclipseLogger - skip non existing resourceDirectory C:\softwares\eclipse\bhavya git1 hometask-7\Home-Task7\src\main\resources
2020-03-09 23:03:51,289 [Worker-24] INFO  o.e.m.c.i.embedder.EclipseLogger - Using 'UTF-8' encoding to copy filtered resources.
2020-03-09 23:03:51,289 [Worker-24] INFO  o.e.m.c.i.embedder.EclipseLogger - skip non existing resourceDirectory C:\softwares\eclipse\bhavya git1 hometask-7\Home-Task7\src\test\resources
2020-03-09 23:04:22,584 [Worker-29] INFO  o.e.m.c.i.embedder.EclipseLogger - Using 'UTF-8' encoding to copy filtered resources.
2020-03-09 23:04:22,584 [Worker-29] INFO  o.e.m.c.i.embedder.EclipseLogger - skip non existing resourceDirectory C:\softwares\eclipse\bhavya git1 hometask-7\Home-Task7\src\main\resources
2020-03-09 23:04:22,584 [Worker-29] INFO  o.e.m.c.i.embedder.EclipseLogger - Using 'UTF-8' encoding to copy filtered resources.
2020-03-09 23:04:22,584 [Worker-29] INFO  o.e.m.c.i.embedder.EclipseLogger - skip non existing resourceDirectory C:\softwares\eclipse\bhavya git1 hometask-7\Home-Task7\src\test\resources
2020-03-09 23:04:30,862 [Worker-27] INFO  o.e.m.c.i.embedder.EclipseLogger - Using 'UTF-8' encoding to copy filtered resources.
2020-03-09 23:04:30,862 [Worker-27] INFO  o.e.m.c.i.embedder.EclipseLogger - skip non existing resourceDirectory C:\softwares\eclipse\bhavya git1 hometask-7\Home-Task7\src\main\resources
2020-03-09 23:04:30,862 [Worker-27] INFO  o.e.m.c.i.embedder.EclipseLogger - Using 'UTF-8' encoding to copy filtered resources.
2020-03-09 23:04:30,862 [Worker-27] INFO  o.e.m.c.i.embedder.EclipseLogger - skip non existing resourceDirectory C:\softwares\eclipse\bhavya git1 hometask-7\Home-Task7\src\test\resources
2020-03-09 23:04:45,998 [Worker-33] INFO  o.e.m.c.i.embedder.EclipseLogger - Using 'UTF-8' encoding to copy filtered resources.
2020-03-09 23:04:45,998 [Worker-33] INFO  o.e.m.c.i.embedder.EclipseLogger - skip non existing resourceDirectory C:\softwares\eclipse\bhavya git1 hometask-7\Home-Task7\src\main\resources
2020-03-09 23:04:45,998 [Worker-33] INFO  o.e.m.c.i.embedder.EclipseLogger - Using 'UTF-8' encoding to copy filtered resources.
2020-03-09 23:04:45,998 [Worker-33] INFO  o.e.m.c.i.embedder.EclipseLogger - skip non existing resourceDirectory C:\softwares\eclipse\bhavya git1 hometask-7\Home-Task7\src\test\resources
2020-03-09 23:05:04,027 [Worker-27] INFO  o.e.m.c.i.embedder.EclipseLogger - Using 'UTF-8' encoding to copy filtered resources.
2020-03-09 23:05:04,027 [Worker-27] INFO  o.e.m.c.i.embedder.EclipseLogger - skip non existing resourceDirectory C:\softwares\eclipse\bhavya git1 hometask-7\Home-Task7\src\main\resources
2020-03-09 23:05:04,027 [Worker-27] INFO  o.e.m.c.i.embedder.EclipseLogger - Using 'UTF-8' encoding to copy filtered resources.
2020-03-09 23:05:04,027 [Worker-27] INFO  o.e.m.c.i.embedder.EclipseLogger - skip non existing resourceDirectory C:\softwares\eclipse\bhavya git1 hometask-7\Home-Task7\src\test\resources
2020-03-09 23:05:39,952 [Worker-29] INFO  o.e.m.c.i.embedder.EclipseLogger - Using 'UTF-8' encoding to copy filtered resources.
2020-03-09 23:05:39,952 [Worker-29] INFO  o.e.m.c.i.embedder.EclipseLogger - skip non existing resourceDirectory C:\softwares\eclipse\bhavya git1 hometask-7\Home-Task7\src\main\resources
2020-03-09 23:05:39,968 [Worker-29] INFO  o.e.m.c.i.embedder.EclipseLogger - Using 'UTF-8' encoding to copy filtered resources.
2020-03-09 23:05:39,968 [Worker-29] INFO  o.e.m.c.i.embedder.EclipseLogger - skip non existing resourceDirectory C:\softwares\eclipse\bhavya git1 hometask-7\Home-Task7\src\test\resources
2020-03-09 23:05:55,344 [Worker-33] INFO  o.e.m.c.i.embedder.EclipseLogger - Using 'UTF-8' encoding to copy filtered resources.
2020-03-09 23:05:55,344 [Worker-33] INFO  o.e.m.c.i.embedder.EclipseLogger - skip non existing resourceDirectory C:\softwares\eclipse\bhavya git1 hometask-7\Home-Task7\src\main\resources
2020-03-09 23:05:55,344 [Worker-33] INFO  o.e.m.c.i.embedder.EclipseLogger - Using 'UTF-8' encoding to copy filtered resources.
2020-03-09 23:05:55,344 [Worker-33] INFO  o.e.m.c.i.embedder.EclipseLogger - skip non existing resourceDirectory C:\softwares\eclipse\bhavya git1 hometask-7\Home-Task7\src\test\resources
2020-03-09 23:06:46,033 [Worker-31] INFO  o.e.m.c.i.embedder.EclipseLogger - Using 'UTF-8' encoding to copy filtered resources.
2020-03-09 23:06:46,033 [Worker-31] INFO  o.e.m.c.i.embedder.EclipseLogger - skip non existing resourceDirectory C:\softwares\eclipse\bhavya git1 hometask-7\Home-Task7\src\main\resources
2020-03-09 23:06:46,033 [Worker-31] INFO  o.e.m.c.i.embedder.EclipseLogger - Using 'UTF-8' encoding to copy filtered resources.
2020-03-09 23:06:46,033 [Worker-31] INFO  o.e.m.c.i.embedder.EclipseLogger - skip non existing resourceDirectory C:\softwares\eclipse\bhavya git1 hometask-7\Home-Task7\src\test\resources
2020-03-09 23:07:05,358 [Worker-32] INFO  o.e.m.c.i.embedder.EclipseLogger - Using 'UTF-8' encoding to copy filtered resources.
2020-03-09 23:07:05,358 [Worker-32] INFO  o.e.m.c.i.embedder.EclipseLogger - skip non existing resourceDirectory C:\softwares\eclipse\bhavya git1 hometask-7\Home-Task7\src\main\resources
2020-03-09 23:07:05,358 [Worker-32] INFO  o.e.m.c.i.embedder.EclipseLogger - Using 'UTF-8' encoding to copy filtered resources.
2020-03-09 23:07:05,358 [Worker-32] INFO  o.e.m.c.i.embedder.EclipseLogger - skip non existing resourceDirectory C:\softwares\eclipse\bhavya git1 hometask-7\Home-Task7\src\test\resources
2020-03-09 23:07:49,722 [Worker-31] INFO  o.e.m.c.i.embedder.EclipseLogger - Using 'UTF-8' encoding to copy filtered resources.
2020-03-09 23:07:49,722 [Worker-31] INFO  o.e.m.c.i.embedder.EclipseLogger - skip non existing resourceDirectory C:\softwares\eclipse\bhavya git1 hometask-7\Home-Task7\src\main\resources
2020-03-09 23:07:49,722 [Worker-31] INFO  o.e.m.c.i.embedder.EclipseLogger - Using 'UTF-8' encoding to copy filtered resources.
2020-03-09 23:07:49,722 [Worker-31] INFO  o.e.m.c.i.embedder.EclipseLogger - skip non existing resourceDirectory C:\softwares\eclipse\bhavya git1 hometask-7\Home-Task7\src\test\resources
2020-03-09 23:08:24,225 [Worker-27] INFO  o.e.m.c.i.embedder.EclipseLogger - Using 'UTF-8' encoding to copy filtered resources.
2020-03-09 23:08:24,225 [Worker-27] INFO  o.e.m.c.i.embedder.EclipseLogger - skip non existing resourceDirectory C:\softwares\eclipse\bhavya git1 hometask-7\Home-Task7\src\main\resources
2020-03-09 23:08:24,225 [Worker-27] INFO  o.e.m.c.i.embedder.EclipseLogger - Using 'UTF-8' encoding to copy filtered resources.
2020-03-09 23:08:24,225 [Worker-27] INFO  o.e.m.c.i.embedder.EclipseLogger - skip non existing resourceDirectory C:\softwares\eclipse\bhavya git1 hometask-7\Home-Task7\src\test\resources
2020-03-09 23:09:00,884 [Worker-32] INFO  o.e.m.c.i.embedder.EclipseLogger - Using 'UTF-8' encoding to copy filtered resources.
2020-03-09 23:09:00,884 [Worker-32] INFO  o.e.m.c.i.embedder.EclipseLogger - skip non existing resourceDirectory C:\softwares\eclipse\bhavya git1 hometask-7\Home-Task7\src\main\resources
2020-03-09 23:09:00,884 [Worker-32] INFO  o.e.m.c.i.embedder.EclipseLogger - Using 'UTF-8' encoding to copy filtered resources.
2020-03-09 23:09:00,884 [Worker-32] INFO  o.e.m.c.i.embedder.EclipseLogger - skip non existing resourceDirectory C:\softwares\eclipse\bhavya git1 hometask-7\Home-Task7\src\test\resources
2020-03-09 23:09:20,118 [Worker-27] INFO  o.e.m.c.i.embedder.EclipseLogger - Using 'UTF-8' encoding to copy filtered resources.
2020-03-09 23:09:20,118 [Worker-27] INFO  o.e.m.c.i.embedder.EclipseLogger - skip non existing resourceDirectory C:\softwares\eclipse\bhavya git1 hometask-7\Home-Task7\src\main\resources
2020-03-09 23:09:20,118 [Worker-27] INFO  o.e.m.c.i.embedder.EclipseLogger - Using 'UTF-8' encoding to copy filtered resources.
2020-03-09 23:09:20,118 [Worker-27] INFO  o.e.m.c.i.embedder.EclipseLogger - skip non existing resourceDirectory C:\softwares\eclipse\bhavya git1 hometask-7\Home-Task7\src\test\resources
2020-03-09 23:09:54,521 [Worker-27] INFO  o.e.m.c.i.embedder.EclipseLogger - Using 'UTF-8' encoding to copy filtered resources.
2020-03-09 23:09:54,521 [Worker-27] INFO  o.e.m.c.i.embedder.EclipseLogger - skip non existing resourceDirectory C:\softwares\eclipse\bhavya git1 hometask-7\Home-Task7\src\main\resources
2020-03-09 23:09:54,536 [Worker-27] INFO  o.e.m.c.i.embedder.EclipseLogger - Using 'UTF-8' encoding to copy filtered resources.
2020-03-09 23:09:54,536 [Worker-27] INFO  o.e.m.c.i.embedder.EclipseLogger - skip non existing resourceDirectory C:\softwares\eclipse\bhavya git1 hometask-7\Home-Task7\src\test\resources
2020-03-09 23:10:06,030 [Worker-29] INFO  o.e.m.c.i.embedder.EclipseLogger - Using 'UTF-8' encoding to copy filtered resources.
2020-03-09 23:10:06,030 [Worker-29] INFO  o.e.m.c.i.embedder.EclipseLogger - skip non existing resourceDirectory C:\softwares\eclipse\bhavya git1 hometask-7\Home-Task7\src\main\resources
2020-03-09 23:10:06,030 [Worker-29] INFO  o.e.m.c.i.embedder.EclipseLogger - Using 'UTF-8' encoding to copy filtered resources.
2020-03-09 23:10:06,030 [Worker-29] INFO  o.e.m.c.i.embedder.EclipseLogger - skip non existing resourceDirectory C:\softwares\eclipse\bhavya git1 hometask-7\Home-Task7\src\test\resources
2020-03-09 23:11:00,740 [Worker-32] INFO  o.e.m.c.i.embedder.EclipseLogger - Using 'UTF-8' encoding to copy filtered resources.
2020-03-09 23:11:00,740 [Worker-32] INFO  o.e.m.c.i.embedder.EclipseLogger - skip non existing resourceDirectory C:\softwares\eclipse\bhavya git1 hometask-7\Home-Task7\src\main\resources
2020-03-09 23:11:00,740 [Worker-32] INFO  o.e.m.c.i.embedder.EclipseLogger - Using 'UTF-8' encoding to copy filtered resources.
2020-03-09 23:11:00,740 [Worker-32] INFO  o.e.m.c.i.embedder.EclipseLogger - skip non existing resourceDirectory C:\softwares\eclipse\bhavya git1 hometask-7\Home-Task7\src\test\resources
2020-03-09 23:11:27,018 [Worker-31] INFO  o.e.m.c.i.embedder.EclipseLogger - Using 'UTF-8' encoding to copy filtered resources.
2020-03-09 23:11:27,018 [Worker-31] INFO  o.e.m.c.i.embedder.EclipseLogger - skip non existing resourceDirectory C:\softwares\eclipse\bhavya git1 hometask-7\Home-Task7\src\main\resources
2020-03-09 23:11:27,018 [Worker-31] INFO  o.e.m.c.i.embedder.EclipseLogger - Using 'UTF-8' encoding to copy filtered resources.
2020-03-09 23:11:27,018 [Worker-31] INFO  o.e.m.c.i.embedder.EclipseLogger - skip non existing resourceDirectory C:\softwares\eclipse\bhavya git1 hometask-7\Home-Task7\src\test\resources
2020-03-09 23:11:55,176 [Worker-34] INFO  o.e.m.c.i.embedder.EclipseLogger - Using 'UTF-8' encoding to copy filtered resources.
2020-03-09 23:11:55,176 [Worker-34] INFO  o.e.m.c.i.embedder.EclipseLogger - skip non existing resourceDirectory C:\softwares\eclipse\bhavya git1 hometask-7\Home-Task7\src\main\resources
2020-03-09 23:11:55,176 [Worker-34] INFO  o.e.m.c.i.embedder.EclipseLogger - Using 'UTF-8' encoding to copy filtered resources.
2020-03-09 23:11:55,176 [Worker-34] INFO  o.e.m.c.i.embedder.EclipseLogger - skip non existing resourceDirectory C:\softwares\eclipse\bhavya git1 hometask-7\Home-Task7\src\test\resources
2020-03-09 23:12:06,903 [Worker-27] INFO  o.e.m.c.i.embedder.EclipseLogger - Using 'UTF-8' encoding to copy filtered resources.
2020-03-09 23:12:06,903 [Worker-27] INFO  o.e.m.c.i.embedder.EclipseLogger - skip non existing resourceDirectory C:\softwares\eclipse\bhavya git1 hometask-7\Home-Task7\src\main\resources
2020-03-09 23:12:06,903 [Worker-27] INFO  o.e.m.c.i.embedder.EclipseLogger - Using 'UTF-8' encoding to copy filtered resources.
2020-03-09 23:12:06,903 [Worker-27] INFO  o.e.m.c.i.embedder.EclipseLogger - skip non existing resourceDirectory C:\softwares\eclipse\bhavya git1 hometask-7\Home-Task7\src\test\resources
2020-03-09 23:12:35,728 [Worker-27] INFO  o.e.m.c.i.embedder.EclipseLogger - Using 'UTF-8' encoding to copy filtered resources.
2020-03-09 23:12:35,728 [Worker-27] INFO  o.e.m.c.i.embedder.EclipseLogger - skip non existing resourceDirectory C:\softwares\eclipse\bhavya git1 hometask-7\Home-Task7\src\main\resources
2020-03-09 23:12:35,728 [Worker-27] INFO  o.e.m.c.i.embedder.EclipseLogger - Using 'UTF-8' encoding to copy filtered resources.
2020-03-09 23:12:35,728 [Worker-27] INFO  o.e.m.c.i.embedder.EclipseLogger - skip non existing resourceDirectory C:\softwares\eclipse\bhavya git1 hometask-7\Home-Task7\src\test\resources
2020-03-09 23:13:10,502 [Worker-33] INFO  o.e.m.c.i.embedder.EclipseLogger - Using 'UTF-8' encoding to copy filtered resources.
2020-03-09 23:13:10,502 [Worker-33] INFO  o.e.m.c.i.embedder.EclipseLogger - skip non existing resourceDirectory C:\softwares\eclipse\bhavya git1 hometask-7\Home-Task7\src\main\resources
2020-03-09 23:13:10,502 [Worker-33] INFO  o.e.m.c.i.embedder.EclipseLogger - Using 'UTF-8' encoding to copy filtered resources.
2020-03-09 23:13:10,502 [Worker-33] INFO  o.e.m.c.i.embedder.EclipseLogger - skip non existing resourceDirectory C:\softwares\eclipse\bhavya git1 hometask-7\Home-Task7\src\test\resources
2020-03-09 23:14:41,183 [Worker-33] INFO  o.e.m.c.i.embedder.EclipseLogger - Using 'UTF-8' encoding to copy filtered resources.
2020-03-09 23:14:41,183 [Worker-33] INFO  o.e.m.c.i.embedder.EclipseLogger - skip non existing resourceDirectory C:\softwares\eclipse\bhavya git1 hometask-7\Home-Task7\src\main\resources
2020-03-09 23:14:41,199 [Worker-33] INFO  o.e.m.c.i.embedder.EclipseLogger - Using 'UTF-8' encoding to copy filtered resources.
2020-03-09 23:14:41,199 [Worker-33] INFO  o.e.m.c.i.embedder.EclipseLogger - skip non existing resourceDirectory C:\softwares\eclipse\bhavya git1 hometask-7\Home-Task7\src\test\resources
2020-03-09 23:15:04,966 [Worker-31] INFO  o.e.m.c.i.embedder.EclipseLogger - Using 'UTF-8' encoding to copy filtered resources.
2020-03-09 23:15:04,966 [Worker-31] INFO  o.e.m.c.i.embedder.EclipseLogger - skip non existing resourceDirectory C:\softwares\eclipse\bhavya git1 hometask-7\Home-Task7\src\main\resources
2020-03-09 23:15:04,966 [Worker-31] INFO  o.e.m.c.i.embedder.EclipseLogger - Using 'UTF-8' encoding to copy filtered resources.
2020-03-09 23:15:04,966 [Worker-31] INFO  o.e.m.c.i.embedder.EclipseLogger - skip non existing resourceDirectory C:\softwares\eclipse\bhavya git1 hometask-7\Home-Task7\src\test\resources
2020-03-09 23:15:24,170 [Worker-31] INFO  o.e.m.c.i.embedder.EclipseLogger - Using 'UTF-8' encoding to copy filtered resources.
2020-03-09 23:15:24,170 [Worker-31] INFO  o.e.m.c.i.embedder.EclipseLogger - skip non existing resourceDirectory C:\softwares\eclipse\bhavya git1 hometask-7\Home-Task7\src\main\resources
2020-03-09 23:15:24,170 [Worker-31] INFO  o.e.m.c.i.embedder.EclipseLogger - Using 'UTF-8' encoding to copy filtered resources.
2020-03-09 23:15:24,170 [Worker-31] INFO  o.e.m.c.i.embedder.EclipseLogger - skip non existing resourceDirectory C:\softwares\eclipse\bhavya git1 hometask-7\Home-Task7\src\test\resources
2020-03-09 23:15:58,097 [Worker-24] INFO  o.e.m.c.i.embedder.EclipseLogger - Using 'UTF-8' encoding to copy filtered resources.
2020-03-09 23:15:58,097 [Worker-24] INFO  o.e.m.c.i.embedder.EclipseLogger - skip non existing resourceDirectory C:\softwares\eclipse\bhavya git1 hometask-7\Home-Task7\src\main\resources
2020-03-09 23:15:58,097 [Worker-24] INFO  o.e.m.c.i.embedder.EclipseLogger - Using 'UTF-8' encoding to copy filtered resources.
2020-03-09 23:15:58,097 [Worker-24] INFO  o.e.m.c.i.embedder.EclipseLogger - skip non existing resourceDirectory C:\softwares\eclipse\bhavya git1 hometask-7\Home-Task7\src\test\resources
2020-03-09 23:16:12,065 [Worker-33] INFO  o.e.m.c.i.embedder.EclipseLogger - Using 'UTF-8' encoding to copy filtered resources.
2020-03-09 23:16:12,065 [Worker-33] INFO  o.e.m.c.i.embedder.EclipseLogger - skip non existing resourceDirectory C:\softwares\eclipse\bhavya git1 hometask-7\Home-Task7\src\main\resources
2020-03-09 23:16:12,065 [Worker-33] INFO  o.e.m.c.i.embedder.EclipseLogger - Using 'UTF-8' encoding to copy filtered resources.
2020-03-09 23:16:12,065 [Worker-33] INFO  o.e.m.c.i.embedder.EclipseLogger - skip non existing resourceDirectory C:\softwares\eclipse\bhavya git1 hometask-7\Home-Task7\src\test\resources
2020-03-09 23:16:48,468 [Worker-33] INFO  o.e.m.c.i.embedder.EclipseLogger - Using 'UTF-8' encoding to copy filtered resources.
2020-03-09 23:16:48,468 [Worker-33] INFO  o.e.m.c.i.embedder.EclipseLogger - skip non existing resourceDirectory C:\softwares\eclipse\bhavya git1 hometask-7\Home-Task7\src\main\resources
2020-03-09 23:16:48,468 [Worker-33] INFO  o.e.m.c.i.embedder.EclipseLogger - Using 'UTF-8' encoding to copy filtered resources.
2020-03-09 23:16:48,468 [Worker-33] INFO  o.e.m.c.i.embedder.EclipseLogger - skip non existing resourceDirectory C:\softwares\eclipse\bhavya git1 hometask-7\Home-Task7\src\test\resources
2020-03-09 23:17:08,136 [Worker-35] INFO  o.e.m.c.i.embedder.EclipseLogger - Using 'UTF-8' encoding to copy filtered resources.
2020-03-09 23:17:08,136 [Worker-35] INFO  o.e.m.c.i.embedder.EclipseLogger - skip non existing resourceDirectory C:\softwares\eclipse\bhavya git1 hometask-7\Home-Task7\src\main\resources
2020-03-09 23:17:08,136 [Worker-35] INFO  o.e.m.c.i.embedder.EclipseLogger - Using 'UTF-8' encoding to copy filtered resources.
2020-03-09 23:17:08,136 [Worker-35] INFO  o.e.m.c.i.embedder.EclipseLogger - skip non existing resourceDirectory C:\softwares\eclipse\bhavya git1 hometask-7\Home-Task7\src\test\resources
2020-03-09 23:17:41,770 [Worker-33] INFO  o.e.m.c.i.embedder.EclipseLogger - Using 'UTF-8' encoding to copy filtered resources.
2020-03-09 23:17:41,770 [Worker-33] INFO  o.e.m.c.i.embedder.EclipseLogger - skip non existing resourceDirectory C:\softwares\eclipse\bhavya git1 hometask-7\Home-Task7\src\main\resources
2020-03-09 23:17:41,770 [Worker-33] INFO  o.e.m.c.i.embedder.EclipseLogger - Using 'UTF-8' encoding to copy filtered resources.
2020-03-09 23:17:41,786 [Worker-33] INFO  o.e.m.c.i.embedder.EclipseLogger - skip non existing resourceDirectory C:\softwares\eclipse\bhavya git1 hometask-7\Home-Task7\src\test\resources
2020-03-09 23:17:52,133 [Worker-33] INFO  o.e.m.c.i.embedder.EclipseLogger - Using 'UTF-8' encoding to copy filtered resources.
2020-03-09 23:17:52,133 [Worker-33] INFO  o.e.m.c.i.embedder.EclipseLogger - skip non existing resourceDirectory C:\softwares\eclipse\bhavya git1 hometask-7\Home-Task7\src\main\resources
2020-03-09 23:17:52,133 [Worker-33] INFO  o.e.m.c.i.embedder.EclipseLogger - Using 'UTF-8' encoding to copy filtered resources.
2020-03-09 23:17:52,133 [Worker-33] INFO  o.e.m.c.i.embedder.EclipseLogger - skip non existing resourceDirectory C:\softwares\eclipse\bhavya git1 hometask-7\Home-Task7\src\test\resources
2020-03-09 23:18:31,509 [Worker-24] INFO  o.e.m.c.i.embedder.EclipseLogger - Using 'UTF-8' encoding to copy filtered resources.
2020-03-09 23:18:31,509 [Worker-24] INFO  o.e.m.c.i.embedder.EclipseLogger - skip non existing resourceDirectory C:\softwares\eclipse\bhavya git1 hometask-7\Home-Task7\src\main\resources
2020-03-09 23:18:31,509 [Worker-24] INFO  o.e.m.c.i.embedder.EclipseLogger - Using 'UTF-8' encoding to copy filtered resources.
2020-03-09 23:18:31,509 [Worker-24] INFO  o.e.m.c.i.embedder.EclipseLogger - skip non existing resourceDirectory C:\softwares\eclipse\bhavya git1 hometask-7\Home-Task7\src\test\resources
2020-03-09 23:18:42,440 [Worker-31] INFO  o.e.m.c.i.embedder.EclipseLogger - Using 'UTF-8' encoding to copy filtered resources.
2020-03-09 23:18:42,440 [Worker-31] INFO  o.e.m.c.i.embedder.EclipseLogger - skip non existing resourceDirectory C:\softwares\eclipse\bhavya git1 hometask-7\Home-Task7\src\main\resources
2020-03-09 23:18:42,440 [Worker-31] INFO  o.e.m.c.i.embedder.EclipseLogger - Using 'UTF-8' encoding to copy filtered resources.
2020-03-09 23:18:42,440 [Worker-31] INFO  o.e.m.c.i.embedder.EclipseLogger - skip non existing resourceDirectory C:\softwares\eclipse\bhavya git1 hometask-7\Home-Task7\src\test\resources
2020-03-09 23:19:11,171 [Worker-31] INFO  o.e.m.c.i.embedder.EclipseLogger - Using 'UTF-8' encoding to copy filtered resources.
2020-03-09 23:19:11,171 [Worker-31] INFO  o.e.m.c.i.embedder.EclipseLogger - skip non existing resourceDirectory C:\softwares\eclipse\bhavya git1 hometask-7\Home-Task7\src\main\resources
2020-03-09 23:19:11,171 [Worker-31] INFO  o.e.m.c.i.embedder.EclipseLogger - Using 'UTF-8' encoding to copy filtered resources.
2020-03-09 23:19:11,171 [Worker-31] INFO  o.e.m.c.i.embedder.EclipseLogger - skip non existing resourceDirectory C:\softwares\eclipse\bhavya git1 hometask-7\Home-Task7\src\test\resources
2020-03-09 23:19:21,973 [Worker-24] INFO  o.e.m.c.i.embedder.EclipseLogger - Using 'UTF-8' encoding to copy filtered resources.
2020-03-09 23:19:21,973 [Worker-24] INFO  o.e.m.c.i.embedder.EclipseLogger - skip non existing resourceDirectory C:\softwares\eclipse\bhavya git1 hometask-7\Home-Task7\src\main\resources
2020-03-09 23:19:21,973 [Worker-24] INFO  o.e.m.c.i.embedder.EclipseLogger - Using 'UTF-8' encoding to copy filtered resources.
2020-03-09 23:19:21,973 [Worker-24] INFO  o.e.m.c.i.embedder.EclipseLogger - skip non existing resourceDirectory C:\softwares\eclipse\bhavya git1 hometask-7\Home-Task7\src\test\resources
2020-03-09 23:19:56,701 [Worker-35] INFO  o.e.m.c.i.embedder.EclipseLogger - Using 'UTF-8' encoding to copy filtered resources.
2020-03-09 23:19:56,701 [Worker-35] INFO  o.e.m.c.i.embedder.EclipseLogger - skip non existing resourceDirectory C:\softwares\eclipse\bhavya git1 hometask-7\Home-Task7\src\main\resources
2020-03-09 23:19:56,701 [Worker-35] INFO  o.e.m.c.i.embedder.EclipseLogger - Using 'UTF-8' encoding to copy filtered resources.
2020-03-09 23:19:56,701 [Worker-35] INFO  o.e.m.c.i.embedder.EclipseLogger - skip non existing resourceDirectory C:\softwares\eclipse\bhavya git1 hometask-7\Home-Task7\src\test\resources
2020-03-09 23:20:11,275 [Worker-33] INFO  o.e.m.c.i.embedder.EclipseLogger - Using 'UTF-8' encoding to copy filtered resources.
2020-03-09 23:20:11,275 [Worker-33] INFO  o.e.m.c.i.embedder.EclipseLogger - skip non existing resourceDirectory C:\softwares\eclipse\bhavya git1 hometask-7\Home-Task7\src\main\resources
2020-03-09 23:20:11,275 [Worker-33] INFO  o.e.m.c.i.embedder.EclipseLogger - Using 'UTF-8' encoding to copy filtered resources.
2020-03-09 23:20:11,275 [Worker-33] INFO  o.e.m.c.i.embedder.EclipseLogger - skip non existing resourceDirectory C:\softwares\eclipse\bhavya git1 hometask-7\Home-Task7\src\test\resources
2020-03-09 23:20:46,182 [Worker-32] INFO  o.e.m.c.i.embedder.EclipseLogger - Using 'UTF-8' encoding to copy filtered resources.
2020-03-09 23:20:46,182 [Worker-32] INFO  o.e.m.c.i.embedder.EclipseLogger - skip non existing resourceDirectory C:\softwares\eclipse\bhavya git1 hometask-7\Home-Task7\src\main\resources
2020-03-09 23:20:46,182 [Worker-32] INFO  o.e.m.c.i.embedder.EclipseLogger - Using 'UTF-8' encoding to copy filtered resources.
2020-03-09 23:20:46,182 [Worker-32] INFO  o.e.m.c.i.embedder.EclipseLogger - skip non existing resourceDirectory C:\softwares\eclipse\bhavya git1 hometask-7\Home-Task7\src\test\resources
2020-03-09 23:20:58,923 [Worker-35] INFO  o.e.m.c.i.embedder.EclipseLogger - Using 'UTF-8' encoding to copy filtered resources.
2020-03-09 23:20:58,923 [Worker-35] INFO  o.e.m.c.i.embedder.EclipseLogger - skip non existing resourceDirectory C:\softwares\eclipse\bhavya git1 hometask-7\Home-Task7\src\main\resources
2020-03-09 23:20:58,923 [Worker-35] INFO  o.e.m.c.i.embedder.EclipseLogger - Using 'UTF-8' encoding to copy filtered resources.
2020-03-09 23:20:58,923 [Worker-35] INFO  o.e.m.c.i.embedder.EclipseLogger - skip non existing resourceDirectory C:\softwares\eclipse\bhavya git1 hometask-7\Home-Task7\src\test\resources
2020-03-09 23:22:36,468 [Worker-33] INFO  o.e.m.c.i.embedder.EclipseLogger - Using 'UTF-8' encoding to copy filtered resources.
2020-03-09 23:22:36,468 [Worker-33] INFO  o.e.m.c.i.embedder.EclipseLogger - skip non existing resourceDirectory C:\softwares\eclipse\bhavya git1 hometask-7\Home-Task7\src\main\resources
2020-03-09 23:22:36,468 [Worker-33] INFO  o.e.m.c.i.embedder.EclipseLogger - Using 'UTF-8' encoding to copy filtered resources.
2020-03-09 23:22:36,484 [Worker-33] INFO  o.e.m.c.i.embedder.EclipseLogger - skip non existing resourceDirectory C:\softwares\eclipse\bhavya git1 hometask-7\Home-Task7\src\test\resources
2020-03-09 23:23:22,276 [Worker-24] INFO  o.e.m.c.i.embedder.EclipseLogger - Using 'UTF-8' encoding to copy filtered resources.
2020-03-09 23:23:22,276 [Worker-24] INFO  o.e.m.c.i.embedder.EclipseLogger - skip non existing resourceDirectory C:\softwares\eclipse\bhavya git1 hometask-7\Home-Task7\src\main\resources
2020-03-09 23:23:22,276 [Worker-24] INFO  o.e.m.c.i.embedder.EclipseLogger - Using 'UTF-8' encoding to copy filtered resources.
2020-03-09 23:23:22,276 [Worker-24] INFO  o.e.m.c.i.embedder.EclipseLogger - skip non existing resourceDirectory C:\softwares\eclipse\bhavya git1 hometask-7\Home-Task7\src\test\resources
2020-03-09 23:23:35,047 [Worker-24] INFO  o.e.m.c.i.embedder.EclipseLogger - Using 'UTF-8' encoding to copy filtered resources.
2020-03-09 23:23:35,047 [Worker-24] INFO  o.e.m.c.i.embedder.EclipseLogger - skip non existing resourceDirectory C:\softwares\eclipse\bhavya git1 hometask-7\Home-Task7\src\main\resources
2020-03-09 23:23:35,047 [Worker-24] INFO  o.e.m.c.i.embedder.EclipseLogger - Using 'UTF-8' encoding to copy filtered resources.
2020-03-09 23:23:35,047 [Worker-24] INFO  o.e.m.c.i.embedder.EclipseLogger - skip non existing resourceDirectory C:\softwares\eclipse\bhavya git1 hometask-7\Home-Task7\src\test\resources
2020-03-09 23:24:50,228 [Worker-32] INFO  o.e.m.c.i.embedder.EclipseLogger - Using 'UTF-8' encoding to copy filtered resources.
2020-03-09 23:24:50,228 [Worker-32] INFO  o.e.m.c.i.embedder.EclipseLogger - skip non existing resourceDirectory C:\softwares\eclipse\bhavya git1 hometask-7\Home-Task7\src\main\resources
2020-03-09 23:24:50,228 [Worker-32] INFO  o.e.m.c.i.embedder.EclipseLogger - Using 'UTF-8' encoding to copy filtered resources.
2020-03-09 23:24:50,228 [Worker-32] INFO  o.e.m.c.i.embedder.EclipseLogger - skip non existing resourceDirectory C:\softwares\eclipse\bhavya git1 hometask-7\Home-Task7\src\test\resources
2020-03-09 23:25:13,952 [Worker-32] INFO  o.e.m.c.i.embedder.EclipseLogger - Using 'UTF-8' encoding to copy filtered resources.
2020-03-09 23:25:13,952 [Worker-32] INFO  o.e.m.c.i.embedder.EclipseLogger - skip non existing resourceDirectory C:\softwares\eclipse\bhavya git1 hometask-7\Home-Task7\src\main\resources
2020-03-09 23:25:13,952 [Worker-32] INFO  o.e.m.c.i.embedder.EclipseLogger - Using 'UTF-8' encoding to copy filtered resources.
2020-03-09 23:25:13,952 [Worker-32] INFO  o.e.m.c.i.embedder.EclipseLogger - skip non existing resourceDirectory C:\softwares\eclipse\bhavya git1 hometask-7\Home-Task7\src\test\resources
2020-03-09 23:25:36,912 [Worker-36] INFO  o.e.m.c.i.embedder.EclipseLogger - Using 'UTF-8' encoding to copy filtered resources.
2020-03-09 23:25:36,928 [Worker-36] INFO  o.e.m.c.i.embedder.EclipseLogger - skip non existing resourceDirectory C:\softwares\eclipse\bhavya git1 hometask-7\Home-Task7\src\main\resources
2020-03-09 23:25:36,928 [Worker-36] INFO  o.e.m.c.i.embedder.EclipseLogger - Using 'UTF-8' encoding to copy filtered resources.
2020-03-09 23:25:36,928 [Worker-36] INFO  o.e.m.c.i.embedder.EclipseLogger - skip non existing resourceDirectory C:\softwares\eclipse\bhavya git1 hometask-7\Home-Task7\src\test\resources
2020-03-09 23:25:57,270 [Worker-36] INFO  o.e.m.c.i.embedder.EclipseLogger - Using 'UTF-8' encoding to copy filtered resources.
2020-03-09 23:25:57,270 [Worker-36] INFO  o.e.m.c.i.embedder.EclipseLogger - skip non existing resourceDirectory C:\softwares\eclipse\bhavya git1 hometask-7\Home-Task7\src\main\resources
2020-03-09 23:25:57,270 [Worker-36] INFO  o.e.m.c.i.embedder.EclipseLogger - Using 'UTF-8' encoding to copy filtered resources.
2020-03-09 23:25:57,270 [Worker-36] INFO  o.e.m.c.i.embedder.EclipseLogger - skip non existing resourceDirectory C:\softwares\eclipse\bhavya git1 hometask-7\Home-Task7\src\test\resources
2020-03-09 23:26:24,371 [Worker-37] INFO  o.e.m.c.i.embedder.EclipseLogger - Using 'UTF-8' encoding to copy filtered resources.
2020-03-09 23:26:24,371 [Worker-37] INFO  o.e.m.c.i.embedder.EclipseLogger - skip non existing resourceDirectory C:\softwares\eclipse\bhavya git1 hometask-7\Home-Task7\src\main\resources
2020-03-09 23:26:24,371 [Worker-37] INFO  o.e.m.c.i.embedder.EclipseLogger - Using 'UTF-8' encoding to copy filtered resources.
2020-03-09 23:26:24,371 [Worker-37] INFO  o.e.m.c.i.embedder.EclipseLogger - skip non existing resourceDirectory C:\softwares\eclipse\bhavya git1 hometask-7\Home-Task7\src\test\resources
2020-03-09 23:26:44,192 [Worker-32] INFO  o.e.m.c.i.embedder.EclipseLogger - Using 'UTF-8' encoding to copy filtered resources.
2020-03-09 23:26:44,192 [Worker-32] INFO  o.e.m.c.i.embedder.EclipseLogger - skip non existing resourceDirectory C:\softwares\eclipse\bhavya git1 hometask-7\Home-Task7\src\main\resources
2020-03-09 23:26:44,192 [Worker-32] INFO  o.e.m.c.i.embedder.EclipseLogger - Using 'UTF-8' encoding to copy filtered resources.
2020-03-09 23:26:44,192 [Worker-32] INFO  o.e.m.c.i.embedder.EclipseLogger - skip non existing resourceDirectory C:\softwares\eclipse\bhavya git1 hometask-7\Home-Task7\src\test\resources
2020-03-09 23:27:51,245 [Worker-40] INFO  o.e.m.c.i.embedder.EclipseLogger - Using 'UTF-8' encoding to copy filtered resources.
2020-03-09 23:27:51,245 [Worker-40] INFO  o.e.m.c.i.embedder.EclipseLogger - skip non existing resourceDirectory C:\softwares\eclipse\bhavya git1 hometask-7\Home-Task7\src\main\resources
2020-03-09 23:27:51,261 [Worker-40] INFO  o.e.m.c.i.embedder.EclipseLogger - Using 'UTF-8' encoding to copy filtered resources.
2020-03-09 23:27:51,261 [Worker-40] INFO  o.e.m.c.i.embedder.EclipseLogger - skip non existing resourceDirectory C:\softwares\eclipse\bhavya git1 hometask-7\Home-Task7\src\test\resources
2020-03-09 23:28:01,611 [Worker-44] INFO  o.e.m.c.i.embedder.EclipseLogger - Using 'UTF-8' encoding to copy filtered resources.
2020-03-09 23:28:01,611 [Worker-44] INFO  o.e.m.c.i.embedder.EclipseLogger - skip non existing resourceDirectory C:\softwares\eclipse\bhavya git1 hometask-7\Home-Task7\src\main\resources
2020-03-09 23:28:01,611 [Worker-44] INFO  o.e.m.c.i.embedder.EclipseLogger - Using 'UTF-8' encoding to copy filtered resources.
2020-03-09 23:28:01,611 [Worker-44] INFO  o.e.m.c.i.embedder.EclipseLogger - skip non existing resourceDirectory C:\softwares\eclipse\bhavya git1 hometask-7\Home-Task7\src\test\resources
2020-03-09 23:28:38,938 [Worker-38] INFO  o.e.m.c.i.embedder.EclipseLogger - Using 'UTF-8' encoding to copy filtered resources.
2020-03-09 23:28:38,938 [Worker-38] INFO  o.e.m.c.i.embedder.EclipseLogger - skip non existing resourceDirectory C:\softwares\eclipse\bhavya git1 hometask-7\Home-Task7\src\main\resources
2020-03-09 23:28:38,954 [Worker-38] INFO  o.e.m.c.i.embedder.EclipseLogger - Using 'UTF-8' encoding to copy filtered resources.
2020-03-09 23:28:38,954 [Worker-38] INFO  o.e.m.c.i.embedder.EclipseLogger - skip non existing resourceDirectory C:\softwares\eclipse\bhavya git1 hometask-7\Home-Task7\src\test\resources
2020-03-09 23:28:53,183 [Worker-38] INFO  o.e.m.c.i.embedder.EclipseLogger - Using 'UTF-8' encoding to copy filtered resources.
2020-03-09 23:28:53,183 [Worker-38] INFO  o.e.m.c.i.embedder.EclipseLogger - skip non existing resourceDirectory C:\softwares\eclipse\bhavya git1 hometask-7\Home-Task7\src\main\resources
2020-03-09 23:28:53,183 [Worker-38] INFO  o.e.m.c.i.embedder.EclipseLogger - Using 'UTF-8' encoding to copy filtered resources.
2020-03-09 23:28:53,183 [Worker-38] INFO  o.e.m.c.i.embedder.EclipseLogger - skip non existing resourceDirectory C:\softwares\eclipse\bhavya git1 hometask-7\Home-Task7\src\test\resources
2020-03-09 23:30:11,155 [Worker-43] INFO  o.e.m.c.i.embedder.EclipseLogger - Using 'UTF-8' encoding to copy filtered resources.
2020-03-09 23:30:11,155 [Worker-43] INFO  o.e.m.c.i.embedder.EclipseLogger - skip non existing resourceDirectory C:\softwares\eclipse\bhavya git1 hometask-7\Home-Task7\src\main\resources
2020-03-09 23:30:11,155 [Worker-43] INFO  o.e.m.c.i.embedder.EclipseLogger - Using 'UTF-8' encoding to copy filtered resources.
2020-03-09 23:30:11,155 [Worker-43] INFO  o.e.m.c.i.embedder.EclipseLogger - skip non existing resourceDirectory C:\softwares\eclipse\bhavya git1 hometask-7\Home-Task7\src\test\resources
2020-03-09 23:30:21,639 [Worker-40] INFO  o.e.m.c.i.embedder.EclipseLogger - Using 'UTF-8' encoding to copy filtered resources.
2020-03-09 23:30:21,639 [Worker-40] INFO  o.e.m.c.i.embedder.EclipseLogger - skip non existing resourceDirectory C:\softwares\eclipse\bhavya git1 hometask-7\Home-Task7\src\main\resources
2020-03-09 23:30:21,639 [Worker-40] INFO  o.e.m.c.i.embedder.EclipseLogger - Using 'UTF-8' encoding to copy filtered resources.
2020-03-09 23:30:21,639 [Worker-40] INFO  o.e.m.c.i.embedder.EclipseLogger - skip non existing resourceDirectory C:\softwares\eclipse\bhavya git1 hometask-7\Home-Task7\src\test\resources
2020-03-09 23:30:49,114 [Worker-44] INFO  o.e.m.c.i.embedder.EclipseLogger - Using 'UTF-8' encoding to copy filtered resources.
2020-03-09 23:30:49,114 [Worker-44] INFO  o.e.m.c.i.embedder.EclipseLogger - skip non existing resourceDirectory C:\softwares\eclipse\bhavya git1 hometask-7\Home-Task7\src\main\resources
2020-03-09 23:30:49,114 [Worker-44] INFO  o.e.m.c.i.embedder.EclipseLogger - Using 'UTF-8' encoding to copy filtered resources.
2020-03-09 23:30:49,114 [Worker-44] INFO  o.e.m.c.i.embedder.EclipseLogger - skip non existing resourceDirectory C:\softwares\eclipse\bhavya git1 hometask-7\Home-Task7\src\test\resources
2020-03-09 23:31:08,311 [Worker-43] INFO  o.e.m.c.i.embedder.EclipseLogger - Using 'UTF-8' encoding to copy filtered resources.
2020-03-09 23:31:08,311 [Worker-43] INFO  o.e.m.c.i.embedder.EclipseLogger - skip non existing resourceDirectory C:\softwares\eclipse\bhavya git1 hometask-7\Home-Task7\src\main\resources
2020-03-09 23:31:08,311 [Worker-43] INFO  o.e.m.c.i.embedder.EclipseLogger - Using 'UTF-8' encoding to copy filtered resources.
2020-03-09 23:31:08,311 [Worker-43] INFO  o.e.m.c.i.embedder.EclipseLogger - skip non existing resourceDirectory C:\softwares\eclipse\bhavya git1 hometask-7\Home-Task7\src\test\resources
2020-03-09 23:31:44,275 [Worker-40] INFO  o.e.m.c.i.embedder.EclipseLogger - Using 'UTF-8' encoding to copy filtered resources.
2020-03-09 23:31:44,275 [Worker-40] INFO  o.e.m.c.i.embedder.EclipseLogger - skip non existing resourceDirectory C:\softwares\eclipse\bhavya git1 hometask-7\Home-Task7\src\main\resources
2020-03-09 23:31:44,275 [Worker-40] INFO  o.e.m.c.i.embedder.EclipseLogger - Using 'UTF-8' encoding to copy filtered resources.
2020-03-09 23:31:44,275 [Worker-40] INFO  o.e.m.c.i.embedder.EclipseLogger - skip non existing resourceDirectory C:\softwares\eclipse\bhavya git1 hometask-7\Home-Task7\src\test\resources
2020-03-09 23:32:06,273 [Worker-40] INFO  o.e.m.c.i.embedder.EclipseLogger - Using 'UTF-8' encoding to copy filtered resources.
2020-03-09 23:32:06,273 [Worker-40] INFO  o.e.m.c.i.embedder.EclipseLogger - skip non existing resourceDirectory C:\softwares\eclipse\bhavya git1 hometask-7\Home-Task7\src\main\resources
2020-03-09 23:32:06,273 [Worker-40] INFO  o.e.m.c.i.embedder.EclipseLogger - Using 'UTF-8' encoding to copy filtered resources.
2020-03-09 23:32:06,289 [Worker-40] INFO  o.e.m.c.i.embedder.EclipseLogger - skip non existing resourceDirectory C:\softwares\eclipse\bhavya git1 hometask-7\Home-Task7\src\test\resources
2020-03-09 23:32:31,989 [Worker-42] INFO  o.e.m.c.i.embedder.EclipseLogger - Using 'UTF-8' encoding to copy filtered resources.
2020-03-09 23:32:31,989 [Worker-42] INFO  o.e.m.c.i.embedder.EclipseLogger - skip non existing resourceDirectory C:\softwares\eclipse\bhavya git1 hometask-7\Home-Task7\src\main\resources
2020-03-09 23:32:31,989 [Worker-42] INFO  o.e.m.c.i.embedder.EclipseLogger - Using 'UTF-8' encoding to copy filtered resources.
2020-03-09 23:32:31,989 [Worker-42] INFO  o.e.m.c.i.embedder.EclipseLogger - skip non existing resourceDirectory C:\softwares\eclipse\bhavya git1 hometask-7\Home-Task7\src\test\resources
2020-03-09 23:32:42,480 [Worker-40] INFO  o.e.m.c.i.embedder.EclipseLogger - Using 'UTF-8' encoding to copy filtered resources.
2020-03-09 23:32:42,480 [Worker-40] INFO  o.e.m.c.i.embedder.EclipseLogger - skip non existing resourceDirectory C:\softwares\eclipse\bhavya git1 hometask-7\Home-Task7\src\main\resources
2020-03-09 23:32:42,480 [Worker-40] INFO  o.e.m.c.i.embedder.EclipseLogger - Using 'UTF-8' encoding to copy filtered resources.
2020-03-09 23:32:42,480 [Worker-40] INFO  o.e.m.c.i.embedder.EclipseLogger - skip non existing resourceDirectory C:\softwares\eclipse\bhavya git1 hometask-7\Home-Task7\src\test\resources
2020-03-09 23:34:50,256 [Worker-44] INFO  o.e.m.c.i.embedder.EclipseLogger - Using 'UTF-8' encoding to copy filtered resources.
2020-03-09 23:34:50,256 [Worker-44] INFO  o.e.m.c.i.embedder.EclipseLogger - skip non existing resourceDirectory C:\softwares\eclipse\bhavya git1 hometask-7\Home-Task7\src\main\resources
2020-03-09 23:34:50,256 [Worker-44] INFO  o.e.m.c.i.embedder.EclipseLogger - Using 'UTF-8' encoding to copy filtered resources.
2020-03-09 23:34:50,256 [Worker-44] INFO  o.e.m.c.i.embedder.EclipseLogger - skip non existing resourceDirectory C:\softwares\eclipse\bhavya git1 hometask-7\Home-Task7\src\test\resources
2020-03-09 23:35:03,891 [Worker-41] INFO  o.e.m.c.i.embedder.EclipseLogger - Using 'UTF-8' encoding to copy filtered resources.
2020-03-09 23:35:03,891 [Worker-41] INFO  o.e.m.c.i.embedder.EclipseLogger - skip non existing resourceDirectory C:\softwares\eclipse\bhavya git1 hometask-7\Home-Task7\src\main\resources
2020-03-09 23:35:03,891 [Worker-41] INFO  o.e.m.c.i.embedder.EclipseLogger - Using 'UTF-8' encoding to copy filtered resources.
2020-03-09 23:35:03,891 [Worker-41] INFO  o.e.m.c.i.embedder.EclipseLogger - skip non existing resourceDirectory C:\softwares\eclipse\bhavya git1 hometask-7\Home-Task7\src\test\resources
2020-03-09 23:35:12,102 [Worker-46] INFO  o.e.m.c.i.embedder.EclipseLogger - Using 'UTF-8' encoding to copy filtered resources.
2020-03-09 23:35:12,102 [Worker-46] INFO  o.e.m.c.i.embedder.EclipseLogger - skip non existing resourceDirectory C:\softwares\eclipse\bhavya git1 hometask-7\Home-Task7\src\main\resources
2020-03-09 23:35:12,102 [Worker-46] INFO  o.e.m.c.i.embedder.EclipseLogger - Using 'UTF-8' encoding to copy filtered resources.
2020-03-09 23:35:12,102 [Worker-46] INFO  o.e.m.c.i.embedder.EclipseLogger - skip non existing resourceDirectory C:\softwares\eclipse\bhavya git1 hometask-7\Home-Task7\src\test\resources
2020-03-09 23:35:29,322 [Worker-44] INFO  o.e.m.c.i.l.LifecycleMappingFactory - Using org.eclipse.m2e.jdt.JarLifecycleMapping lifecycle mapping for MavenProject: com.epam:Home-Task7:0.0.1-SNAPSHOT @ C:\softwares\eclipse\bhavya git1 hometask-7\Home-Task7\pom.xml.
2020-03-09 23:35:29,645 [Worker-44] INFO  o.e.m.c.i.embedder.EclipseLogger - Using 'UTF-8' encoding to copy filtered resources.
2020-03-09 23:35:29,645 [Worker-44] INFO  o.e.m.c.i.embedder.EclipseLogger - skip non existing resourceDirectory C:\softwares\eclipse\bhavya git1 hometask-7\Home-Task7\src\main\resources
2020-03-09 23:35:29,645 [Worker-44] INFO  o.e.m.c.i.embedder.EclipseLogger - Using 'UTF-8' encoding to copy filtered resources.
2020-03-09 23:35:29,645 [Worker-44] INFO  o.e.m.c.i.embedder.EclipseLogger - skip non existing resourceDirectory C:\softwares\eclipse\bhavya git1 hometask-7\Home-Task7\src\test\resources
2020-03-09 23:35:30,308 [Worker-41] INFO  o.e.m.c.i.embedder.EclipseLogger - Using 'UTF-8' encoding to copy filtered resources.
2020-03-09 23:35:30,308 [Worker-41] INFO  o.e.m.c.i.embedder.EclipseLogger - skip non existing resourceDirectory C:\softwares\eclipse\bhavya git1 hometask-7\Home-Task7\src\main\resources
2020-03-09 23:35:30,308 [Worker-41] INFO  o.e.m.c.i.embedder.EclipseLogger - Using 'UTF-8' encoding to copy filtered resources.
2020-03-09 23:35:30,308 [Worker-41] INFO  o.e.m.c.i.embedder.EclipseLogger - skip non existing resourceDirectory C:\softwares\eclipse\bhavya git1 hometask-7\Home-Task7\src\test\resources
